2020-02-06 17:55:01,551 - INFO - 0.0% - C:\Users\chris.kerklaan\Documents\Projecten\twn_catalogus\extract_raster\bodem.json
2020-02-06 17:55:29,199 - INFO - 0.0% - C:\Users\chris.kerklaan\Documents\Projecten\twn_catalogus\extract_raster\bodem.json
2020-02-06 17:56:08,511 - INFO - 0.0% - C:\Users\chris.kerklaan\Documents\Projecten\twn_catalogus\extract_raster\bodem.json
2020-02-06 17:58:48,830 - INFO - 0.0% - C:\Users\chris.kerklaan\Documents\Projecten\twn_catalogus\extract_raster\bodem.json
2020-02-06 17:59:01,631 - INFO - 0.0% - C:\Users\chris.kerklaan\Documents\Projecten\twn_catalogus\extract_raster\bodem.json
2020-02-06 17:59:01,839 - DEBUG - Starting new HTTPS connection (1): demo.lizard.net:443
2020-02-06 17:59:05,834 - DEBUG - https://demo.lizard.net:443 "GET /api/v4/rasters/?ordering=-last_modified&page=1&page_size=50 HTTP/1.1" 200 None
2020-02-06 17:59:05,853 - DEBUG - Starting new HTTPS connection (1): demo.lizard.net:443
2020-02-06 17:59:09,394 - DEBUG - https://demo.lizard.net:443 "GET /api/v4/rasters/?ordering=-last_modified&page=2&page_size=50 HTTP/1.1" 200 None
2020-02-06 17:59:09,407 - DEBUG - Starting new HTTPS connection (1): demo.lizard.net:443
2020-02-06 17:59:12,672 - DEBUG - https://demo.lizard.net:443 "GET /api/v4/rasters/?ordering=-last_modified&page=3&page_size=50 HTTP/1.1" 200 None
2020-02-06 17:59:12,688 - DEBUG - Starting new HTTPS connection (1): demo.lizard.net:443
2020-02-06 17:59:16,316 - DEBUG - https://demo.lizard.net:443 "GET /api/v4/rasters/?ordering=-last_modified&page=4&page_size=50 HTTP/1.1" 200 None
2020-02-06 17:59:16,353 - DEBUG - Starting new HTTPS connection (1): demo.lizard.net:443
2020-02-06 17:59:19,250 - DEBUG - https://demo.lizard.net:443 "GET /api/v4/rasters/?ordering=-last_modified&page=5&page_size=50 HTTP/1.1" 200 None
2020-02-06 17:59:19,262 - DEBUG - Starting new HTTPS connection (1): demo.lizard.net:443
2020-02-06 17:59:22,487 - DEBUG - https://demo.lizard.net:443 "GET /api/v4/rasters/?ordering=-last_modified&page=6&page_size=50 HTTP/1.1" 200 None
2020-02-06 17:59:22,499 - DEBUG - Starting new HTTPS connection (1): demo.lizard.net:443
2020-02-06 17:59:25,719 - DEBUG - https://demo.lizard.net:443 "GET /api/v4/rasters/?ordering=-last_modified&page=7&page_size=50 HTTP/1.1" 200 None
2020-02-06 17:59:25,731 - DEBUG - Starting new HTTPS connection (1): demo.lizard.net:443
2020-02-06 17:59:28,962 - DEBUG - https://demo.lizard.net:443 "GET /api/v4/rasters/?ordering=-last_modified&page=8&page_size=50 HTTP/1.1" 200 None
2020-02-06 17:59:28,974 - DEBUG - Starting new HTTPS connection (1): demo.lizard.net:443
2020-02-06 17:59:31,881 - DEBUG - https://demo.lizard.net:443 "GET /api/v4/rasters/?ordering=-last_modified&page=9&page_size=50 HTTP/1.1" 200 None
2020-02-06 17:59:31,893 - DEBUG - Starting new HTTPS connection (1): demo.lizard.net:443
2020-02-06 17:59:35,640 - DEBUG - https://demo.lizard.net:443 "GET /api/v4/rasters/?ordering=-last_modified&page=10&page_size=50 HTTP/1.1" 200 None
2020-02-07 09:01:30,655 - INFO - 0.0% - C:\Users\chris.kerklaan\Documents\Projecten\twn_catalogus\extract_raster\bodem.json
2020-02-07 09:01:30,854 - DEBUG - Starting new HTTPS connection (1): demo.lizard.net:443
2020-02-07 09:01:35,664 - DEBUG - https://demo.lizard.net:443 "GET /api/v4/rasters/?ordering=-last_modified&page=1&page_size=50 HTTP/1.1" 200 None
2020-02-07 09:01:35,733 - DEBUG - Starting new HTTPS connection (1): demo.lizard.net:443
2020-02-07 09:01:39,614 - DEBUG - https://demo.lizard.net:443 "GET /api/v4/rasters/?ordering=-last_modified&page=2&page_size=50 HTTP/1.1" 200 None
2020-02-07 09:01:39,704 - DEBUG - Starting new HTTPS connection (1): demo.lizard.net:443
2020-02-07 09:01:43,497 - DEBUG - https://demo.lizard.net:443 "GET /api/v4/rasters/?ordering=-last_modified&page=3&page_size=50 HTTP/1.1" 200 None
2020-02-07 09:01:43,559 - DEBUG - Starting new HTTPS connection (1): demo.lizard.net:443
2020-02-07 09:01:46,896 - DEBUG - https://demo.lizard.net:443 "GET /api/v4/rasters/?ordering=-last_modified&page=4&page_size=50 HTTP/1.1" 200 None
2020-02-07 09:01:46,930 - DEBUG - Starting new HTTPS connection (1): demo.lizard.net:443
2020-02-07 09:01:50,680 - DEBUG - https://demo.lizard.net:443 "GET /api/v4/rasters/?ordering=-last_modified&page=5&page_size=50 HTTP/1.1" 200 None
2020-02-07 09:02:12,005 - DEBUG - Starting new HTTPS connection (1): demo.lizard.net:443
2020-02-07 09:02:16,042 - DEBUG - https://demo.lizard.net:443 "GET /api/v4/rasters/?ordering=-last_modified&page=6&page_size=50 HTTP/1.1" 200 None
2020-02-07 09:02:16,107 - DEBUG - Starting new HTTPS connection (1): demo.lizard.net:443
2020-02-07 09:02:19,587 - DEBUG - https://demo.lizard.net:443 "GET /api/v4/rasters/?ordering=-last_modified&page=7&page_size=50 HTTP/1.1" 200 None
2020-02-07 09:02:19,634 - DEBUG - Starting new HTTPS connection (1): demo.lizard.net:443
2020-02-07 09:02:23,326 - DEBUG - https://demo.lizard.net:443 "GET /api/v4/rasters/?ordering=-last_modified&page=8&page_size=50 HTTP/1.1" 200 None
2020-02-07 09:02:23,414 - DEBUG - Starting new HTTPS connection (1): demo.lizard.net:443
2020-02-07 09:02:27,027 - DEBUG - https://demo.lizard.net:443 "GET /api/v4/rasters/?ordering=-last_modified&page=9&page_size=50 HTTP/1.1" 200 None
2020-02-07 09:02:27,119 - DEBUG - Starting new HTTPS connection (1): demo.lizard.net:443
2020-02-07 09:02:33,537 - DEBUG - https://demo.lizard.net:443 "GET /api/v4/rasters/?ordering=-last_modified&page=10&page_size=50 HTTP/1.1" 200 None
2020-02-07 09:03:51,811 - INFO - 0.0% - C:\Users\chris.kerklaan\Documents\Projecten\twn_catalogus\extract_raster\bodem.json
2020-02-07 09:04:24,324 - INFO - 0.0% - C:\Users\chris.kerklaan\Documents\Projecten\twn_catalogus\extract_raster\bodem.json
2020-02-07 09:05:25,702 - INFO - 0.0% - C:\Users\chris.kerklaan\Documents\Projecten\twn_catalogus\extract_raster\bodem.json
2020-02-07 10:34:52,722 - INFO - 0.0% - C:\Users\chris.kerklaan\Documents\Projecten\twn_catalogus\extract_raster\bodem.json
2020-02-07 10:34:52,944 - DEBUG - Starting new HTTPS connection (1): demo.lizard.net:443
2020-02-07 10:34:53,730 - DEBUG - https://demo.lizard.net:443 "POST /api/v4/rasters/ HTTP/1.1" 201 2338
2020-02-07 10:37:27,511 - INFO - 0.0% - C:\Users\chris.kerklaan\Documents\Projecten\twn_catalogus\extract_raster\bodem.json
2020-02-07 10:37:27,723 - DEBUG - Starting new HTTPS connection (1): demo.lizard.net:443
2020-02-07 10:37:28,603 - DEBUG - https://demo.lizard.net:443 "POST /api/v4/rasters/ HTTP/1.1" 201 2338
2020-02-07 10:37:43,607 - INFO - 50.0% - C:\Users\chris.kerklaan\Documents\Projecten\twn_catalogus\extract_raster\drooglegging.json
2020-02-07 10:37:43,781 - DEBUG - Starting new HTTPS connection (1): demo.lizard.net:443
2020-02-07 10:37:44,441 - DEBUG - https://demo.lizard.net:443 "POST /api/v4/rasters/ HTTP/1.1" 201 2301
