2020-02-10 10:42:49,154 - INFO - 0.0% - C:\Users\chris.kerklaan\Documents\Projecten\catalogus_cursus\extract_raster\bodemdaling_huidig_[cm_tot_2050].json
2020-02-10 10:43:13,468 - INFO - 0.0% - C:\Users\chris.kerklaan\Documents\Projecten\catalogus_cursus\extract_raster\bodemdaling_huidig_[cm_tot_2050].json
2020-02-10 10:43:13,495 - DEBUG - Starting new HTTPS connection (1): demo.lizard.net:443
2020-02-10 10:43:14,490 - DEBUG - https://demo.lizard.net:443 "POST /api/v4/rasters/ HTTP/1.1" 201 2824
2020-02-10 10:43:29,494 - INFO - 10.0% - C:\Users\chris.kerklaan\Documents\Projecten\catalogus_cursus\extract_raster\bodemdaling_wh2050_aanvullende_daling_[cm_tot_2050].json
2020-02-10 10:43:29,507 - DEBUG - Starting new HTTPS connection (1): demo.lizard.net:443
2020-02-10 10:43:30,201 - DEBUG - https://demo.lizard.net:443 "POST /api/v4/rasters/ HTTP/1.1" 201 2909
2020-02-10 10:43:45,206 - INFO - 20.0% - C:\Users\chris.kerklaan\Documents\Projecten\catalogus_cursus\extract_raster\hittestress.json
2020-02-10 11:08:01,985 - INFO - 0.0% - C:\Users\chris.kerklaan\Documents\Projecten\catalogus_cursus\extract_raster\bodemdaling_huidig_[cm_tot_2050].json
2020-02-10 11:08:02,088 - DEBUG - Starting new HTTPS connection (1): demo.lizard.net:443
2020-02-10 11:08:02,741 - DEBUG - https://demo.lizard.net:443 "POST /api/v4/rasters/ HTTP/1.1" 201 2833
2020-02-10 11:08:17,758 - INFO - 10.0% - C:\Users\chris.kerklaan\Documents\Projecten\catalogus_cursus\extract_raster\bodemdaling_wh2050_aanvullende_daling_[cm_tot_2050].json
2020-02-10 11:08:17,805 - DEBUG - Starting new HTTPS connection (1): demo.lizard.net:443
2020-02-10 11:08:18,486 - DEBUG - https://demo.lizard.net:443 "POST /api/v4/rasters/ HTTP/1.1" 201 2909
2020-02-10 11:08:33,486 - INFO - 20.0% - C:\Users\chris.kerklaan\Documents\Projecten\catalogus_cursus\extract_raster\hittestress.json
2020-02-10 11:11:00,776 - INFO - 0.0% - C:\Users\chris.kerklaan\Documents\Projecten\catalogus_cursus\extract_raster\bodemdaling_huidig_[cm_tot_2050].json
2020-02-10 11:11:06,599 - INFO - 0.0% - C:\Users\chris.kerklaan\Documents\Projecten\catalogus_cursus\extract_raster\bodemdaling_huidig_[cm_tot_2050].json
2020-02-10 11:11:06,701 - DEBUG - Starting new HTTPS connection (1): demo.lizard.net:443
2020-02-10 11:11:07,779 - DEBUG - https://demo.lizard.net:443 "POST /api/v4/rasters/ HTTP/1.1" 201 2833
2020-02-10 11:11:22,791 - INFO - 10.0% - C:\Users\chris.kerklaan\Documents\Projecten\catalogus_cursus\extract_raster\bodemdaling_wh2050_aanvullende_daling_[cm_tot_2050].json
2020-02-10 11:11:22,837 - DEBUG - Starting new HTTPS connection (1): demo.lizard.net:443
2020-02-10 11:11:23,758 - DEBUG - https://demo.lizard.net:443 "POST /api/v4/rasters/ HTTP/1.1" 201 2909
2020-02-10 11:11:38,760 - INFO - 20.0% - C:\Users\chris.kerklaan\Documents\Projecten\catalogus_cursus\extract_raster\hittestress.json
2020-02-10 11:15:58,212 - INFO - 0.0% - C:\Users\chris.kerklaan\Documents\Projecten\catalogus_cursus\extract_raster\bodemdaling_huidig_[cm_tot_2050].json
2020-02-10 11:16:37,705 - INFO - 0.0% - C:\Users\chris.kerklaan\Documents\Projecten\catalogus_cursus\extract_raster\bodemdaling_huidig_[cm_tot_2050].json
2020-02-10 11:16:37,735 - DEBUG - Starting new HTTPS connection (1): demo.lizard.net:443
2020-02-10 11:16:38,497 - DEBUG - https://demo.lizard.net:443 "POST /api/v4/rasters/ HTTP/1.1" 201 2833
2020-02-10 11:16:53,497 - INFO - 10.0% - C:\Users\chris.kerklaan\Documents\Projecten\catalogus_cursus\extract_raster\bodemdaling_wh2050_aanvullende_daling_[cm_tot_2050].json
2020-02-10 11:16:53,639 - DEBUG - Starting new HTTPS connection (1): demo.lizard.net:443
2020-02-10 11:16:54,381 - DEBUG - https://demo.lizard.net:443 "POST /api/v4/rasters/ HTTP/1.1" 201 2909
2020-02-10 11:17:09,384 - INFO - 20.0% - C:\Users\chris.kerklaan\Documents\Projecten\catalogus_cursus\extract_raster\hittestress.json
2020-02-10 11:17:09,395 - INFO - 30.0% - C:\Users\chris.kerklaan\Documents\Projecten\catalogus_cursus\extract_raster\hoogte_maaiveld.json
2020-02-10 11:17:09,408 - INFO - 40.0% - C:\Users\chris.kerklaan\Documents\Projecten\catalogus_cursus\extract_raster\landgebruik.json
2020-02-10 11:17:09,555 - DEBUG - Starting new HTTPS connection (1): demo.lizard.net:443
2020-02-10 11:17:10,125 - DEBUG - https://demo.lizard.net:443 "POST /api/v4/rasters/ HTTP/1.1" 201 3213
2020-02-10 11:17:25,142 - INFO - 50.0% - C:\Users\chris.kerklaan\Documents\Projecten\catalogus_cursus\extract_raster\maximale_overstromingsdiepte.json
2020-02-10 11:17:25,147 - INFO - 60.0% - C:\Users\chris.kerklaan\Documents\Projecten\catalogus_cursus\extract_raster\pet_hittestresskaart.json
2020-02-10 11:17:25,178 - DEBUG - Starting new HTTPS connection (1): demo.lizard.net:443
2020-02-10 11:17:25,758 - DEBUG - https://demo.lizard.net:443 "POST /api/v4/rasters/ HTTP/1.1" 201 3526
2020-02-10 11:17:40,758 - INFO - 70.0% - C:\Users\chris.kerklaan\Documents\Projecten\catalogus_cursus\extract_raster\stroombanen.json
2020-02-10 11:17:40,816 - DEBUG - Starting new HTTPS connection (1): demo.lizard.net:443
2020-02-10 11:17:41,596 - DEBUG - https://demo.lizard.net:443 "POST /api/v4/rasters/ HTTP/1.1" 201 2825
2020-02-10 11:17:56,600 - INFO - 80.0% - C:\Users\chris.kerklaan\Documents\Projecten\catalogus_cursus\extract_raster\waterdiepte_bij_extreme_neerslag_landelijk.json
2020-02-10 11:17:56,743 - DEBUG - Starting new HTTPS connection (1): demo.lizard.net:443
2020-02-10 11:17:57,502 - DEBUG - https://demo.lizard.net:443 "POST /api/v4/rasters/ HTTP/1.1" 201 4224
2020-02-10 11:18:12,506 - INFO - 90.0% - C:\Users\chris.kerklaan\Documents\Projecten\catalogus_cursus\extract_raster\waterdiepte_bij_extreme_neerslag_stedelijk.json
2020-02-10 11:18:12,643 - DEBUG - Starting new HTTPS connection (1): demo.lizard.net:443
2020-02-10 11:18:13,305 - DEBUG - https://demo.lizard.net:443 "POST /api/v4/rasters/ HTTP/1.1" 201 3327
