
 Paths:
		C:\Users\chris.kerklaan\Documents\Projecten\catalogus_cursus\extract_raster\bodemdaling_huidig_[cm_tot_2050].json
		C:\Users\chris.kerklaan\Documents\Projecten\catalogus_cursus\extract_raster\bodemdaling_wh2050_aanvullende_daling_[cm_tot_2050].json
		C:\Users\chris.kerklaan\Documents\Projecten\catalogus_cursus\extract_raster\hittestress.json
		C:\Users\chris.kerklaan\Documents\Projecten\catalogus_cursus\extract_raster\hoogte_maaiveld.json
		C:\Users\chris.kerklaan\Documents\Projecten\catalogus_cursus\extract_raster\landgebruik.json
		C:\Users\chris.kerklaan\Documents\Projecten\catalogus_cursus\extract_raster\maximale_overstromingsdiepte.json
		C:\Users\chris.kerklaan\Documents\Projecten\catalogus_cursus\extract_raster\pet_hittestresskaart.json
		C:\Users\chris.kerklaan\Documents\Projecten\catalogus_cursus\extract_raster\stroombanen.json
		C:\Users\chris.kerklaan\Documents\Projecten\catalogus_cursus\extract_raster\waterdiepte_bij_extreme_neerslag_landelijk.json
		C:\Users\chris.kerklaan\Documents\Projecten\catalogus_cursus\extract_raster\waterdiepte_bij_extreme_neerslag_stedelijk.json
2020-02-10 10:42:49.154527 - 0:00:00.373025 - 0.0% - C:\Users\chris.kerklaan\Documents\Projecten\catalogus_cursus\extract_raster\bodemdaling_huidig_[cm_tot_2050].json

 Paths:
		C:\Users\chris.kerklaan\Documents\Projecten\catalogus_cursus\extract_raster\bodemdaling_huidig_[cm_tot_2050].json
		C:\Users\chris.kerklaan\Documents\Projecten\catalogus_cursus\extract_raster\bodemdaling_wh2050_aanvullende_daling_[cm_tot_2050].json
		C:\Users\chris.kerklaan\Documents\Projecten\catalogus_cursus\extract_raster\hittestress.json
		C:\Users\chris.kerklaan\Documents\Projecten\catalogus_cursus\extract_raster\hoogte_maaiveld.json
		C:\Users\chris.kerklaan\Documents\Projecten\catalogus_cursus\extract_raster\landgebruik.json
		C:\Users\chris.kerklaan\Documents\Projecten\catalogus_cursus\extract_raster\maximale_overstromingsdiepte.json
		C:\Users\chris.kerklaan\Documents\Projecten\catalogus_cursus\extract_raster\pet_hittestresskaart.json
		C:\Users\chris.kerklaan\Documents\Projecten\catalogus_cursus\extract_raster\stroombanen.json
		C:\Users\chris.kerklaan\Documents\Projecten\catalogus_cursus\extract_raster\waterdiepte_bij_extreme_neerslag_landelijk.json
		C:\Users\chris.kerklaan\Documents\Projecten\catalogus_cursus\extract_raster\waterdiepte_bij_extreme_neerslag_stedelijk.json
2020-02-10 10:43:13.467988 - 0:00:00.476723 - 0.0% - C:\Users\chris.kerklaan\Documents\Projecten\catalogus_cursus\extract_raster\bodemdaling_huidig_[cm_tot_2050].json

 Settings:
	ini:				C:\Users\chris.kerklaan\Documents\Github\nens_gs_uploader\nens_raster_uploader\data\instellingen_voorbeeld.ini
	ini_location:				C:\Users\chris.kerklaan\Documents\Github\nens_gs_uploader\nens_raster_uploader\data
	config:				<configparser.RawConfigParser object at 0x0000020D98E3C860>
	key:				[40]
	bo_nummer:				test
	organisatie:				cursus
	product_naam:				klimaatatlas
	eigen_naam:				chris.kerklaan
	project_nummer:				u0011
	dataset:				cursus_klimaatatlas
	organisatie_uuid:				61f5a464-c350-44c1-9bc7-d4b42d7f58cb
	directory:				C:\Users\chris.kerklaan\Documents\Projecten\catalogus_cursus\extract_raster
	overwrite:				False
	update_metadata_only:				True
	update_data_only:				False
	project:				True
	clip:				True
	clip_nummers:				[40]
	store:				<nens_raster_uploader.rasterstore.rasterstore object at 0x0000020D98C96080>
	in_path:				C:\Users\chris.kerklaan\Documents\Projecten\catalogus_cursus\extract_raster\bodemdaling_huidig_[cm_tot_2050].json
	json:				True
	json_dict:				{'rasterstore': {'id': 8214, 'url': 'https://demo.lizard.net/api/v4/rasters/9b40ef35-05bd-4473-a8cf-83338bdbb210/', 'name': 'Bodemdaling NWM W+2050', 'organisation': {'url': 'https://demo.lizard.net/api/v4/organisations/61f5a464-c350-44c1-9bc7-d4b42d7f58cb/', 'name': 'Nelen & Schuurmans', 'uuid': '61f5a464-c350-44c1-9bc7-d4b42d7f58cb'}, 'shared_with': [{'url': 'https://demo.lizard.net/api/v4/organisations/474afd21-2f2e-4b4f-8261-5142f1d67acb/', 'name': 'Hoogheemraadschap Hollands Noorderkwartier', 'uuid': '474afd21-2f2e-4b4f-8261-5142f1d67acb'}], 'observation_type': {'url': 'https://demo.lizard.net/api/v4/observationtypes/861/', 'code': 'bodemdaling', 'parameter': 'Bodemdaling', 'unit': 'mm/jaar', 'scale': 'interval', 'description': '', 'domain_values': None, 'reference_frame': '', 'compartment': ''}, 'description': 'Bodemdaling gebaseerd op het W+2050 scenario van het Nationaal Watermodel', 'supplier': None, 'supplier_code': None, 'aggregation_type': 'curve', 'options': {'styles': 'GnBu:0:1'}, 'rescalable': True, 'temporal': False, 'interval': None, 'access_modifier': 'Public', 'first_value_timestamp': '1970-01-01T00:00:00Z', 'last_value_timestamp': '1970-01-01T00:00:00Z', 'source': {'graph': {'MaskBelow_e9966146ac1706c8a0b3e5090b4ac8b7': ['dask_geomodeling.raster.misc.MaskBelow', 'Interpolate_ec2b92a78710f116dc14bb428c001f28', -3], 'Interpolate_ec2b92a78710f116dc14bb428c001f28': ['raster_store.blocks.Interpolate', 'RasterStoreSource_26dfa3281ae081658dbfa6bdedfc55ba', 'EPSG:28992', [13000.0, 100.0, 0.0, 620000.0, 0.0, -100.0]], 'RasterStoreSource_26dfa3281ae081658dbfa6bdedfc55ba': ['raster_store.blocks.RasterStoreSource', 'file:///mnt/rastprod/stores/intern/nl/klimaatatlas/nwm/bodemdaling_w2050']}, 'name': 'MaskBelow_e9966146ac1706c8a0b3e5090b4ac8b7', 'url': 'https://demo.lizard.net/api/v4/geoblocks/348e3774-7521-44d5-a32c-c40c3c3683b2/'}, 'spatial_bounds': {'west': 3.244860925960958, 'east': 7.258141949883434, 'north': 53.55153326895393, 'south': 50.72645127766577}, 'projection': 'EPSG:28992', 'origin_x': 13000.0, 'origin_y': 620000.0, 'pixelsize_x': 100.0, 'pixelsize_y': -100.0, 'last_modified': '2019-10-24T14:38:11.972361Z', 'uuid': '9b40ef35-05bd-4473-a8cf-83338bdbb210', 'wms_info': {'endpoint': 'https://demo.lizard.net/wms/', 'layer': 'intern:nl:klimaatatlas:nwm:bodemdaling_w2050_int'}, 'writable': True, 'datasets': [{'slug': 'hltsamen_klimaatatlas', 'organisation': {'url': 'https://demo.lizard.net/api/v4/organisations/61f5a464-c350-44c1-9bc7-d4b42d7f58cb/', 'name': 'Nelen & Schuurmans', 'uuid': '61f5a464-c350-44c1-9bc7-d4b42d7f58cb'}}, {'slug': 'fluvius_klimaatatlas', 'organisation': {'url': 'https://demo.lizard.net/api/v4/organisations/61f5a464-c350-44c1-9bc7-d4b42d7f58cb/', 'name': 'Nelen & Schuurmans', 'uuid': '61f5a464-c350-44c1-9bc7-d4b42d7f58cb'}}]}, 'atlas': {'type': 'wms', 'name': 'Bodemdaling Huidig [cm tot 2050]', 'url': 'https://demo.lizard.net/wms/', 'layerName': 'intern:nl:klimaatatlas:nwm:bodemdaling_w2050_int', 'information': '<p><strong>Opbouw</strong>\nBasis vormt de kaart Bodemdaling 2016-2050 voor huidig klimaat uit de CAS Klimaateffectatlas, resultaten september 2017 (www.klimaateffectatlas.nl). De kaart is ruimtelijk geïnterpoleerd voor een verbeterde visualisatie en toont de geschatte bodemdaling tot 2050 uitgaande van het huidige klimaat.</p>\n<p><strong>Verantwoording</strong>\nIn deze kaart wordt extra informatie gegenereerd door ruimtelijke interpolatie van de berekende bodemdaling (CAS Klimaateffectatlas).</p>', 'styles': 'YlOrBr:0:10', 'height': 256, 'width': 256, 'zindex': 8, 'srs': 'EPSG:3857', 'format': 'image/png', 'transparent': True, 'opacity': 80, 'attribution': 'Copyright, Lizard 2016', 'active': True, 'dynamicScalable': True, 'legend': {'name': 'Bodemdaling (mm/jaar)', 'type': 'categorical', 'steps': [{'label': '0', 'style': 'point', 'color': '#ffffd4', 'symbol': ''}, {'label': '2,5', 'style': 'point', 'color': '#fed98e', 'symbol': ''}, {'label': '5', 'style': 'point', 'color': '#fe9929', 'symbol': ''}, {'label': '7,5', 'style': 'point', 'color': '#d95f0e', 'symbol': ''}, {'label': '10', 'style': 'point', 'color': '#993404', 'symbol': ''}]}, 'has_getfeatureinfo': False, 'getfeatureinfo_fields': [], 'getfeatureinfo_url': '', 'layername': 'bodemdaling_w2050_int', 'slug': 'intern:nl:klimaatatlas:nwm:bodemdaling_w2050_int'}}
	configuration:				{'name': 'Bodemdaling Huidig [cm tot 2050]', 'organisation': '61f5a464-c350-44c1-9bc7-d4b42d7f58cb', 'description': 'OpbouwBasis vormt de kaart Bodemdaling 2016-2050 voor huidig klimaat uit de CAS Klimaateffectatlas, resultaten september 2017 (www.klimaateffectatlas.nl). De kaart is ruimtelijk geïnterpoleerd voor een verbeterde visualisatie en toont de geschatte bodemdaling tot 2050 uitgaande van het huidige klimaat.VerantwoordingIn deze kaart wordt extra informatie gegenereerd door ruimtelijke interpolatie van de berekende bodemdaling (CAS Klimaateffectatlas).', 'supplier': 'chris.kerklaan', 'supplier_code': 'Bodemdaling NWM W+2050', 'aggregation_type': 2, 'options': {'styles': 'GnBu:0:1'}, 'acces_modifier': 0, 'rescalable': False, 'observation_type': 'bodemdaling', 'datasets': ['cursus_klimaatatlas'], 'slug': 'cursus:bodemdaling huidig [cm tot 2050]'}
	skip:				False
	onderwerp:				Bodemdaling Huidig [cm tot 2050]
create store succes 201
2020-02-10 10:43:29.494337 - 0:00:16.026349 - 10.0% - C:\Users\chris.kerklaan\Documents\Projecten\catalogus_cursus\extract_raster\bodemdaling_wh2050_aanvullende_daling_[cm_tot_2050].json

 Settings:
	ini:				C:\Users\chris.kerklaan\Documents\Github\nens_gs_uploader\nens_raster_uploader\data\instellingen_voorbeeld.ini
	ini_location:				C:\Users\chris.kerklaan\Documents\Github\nens_gs_uploader\nens_raster_uploader\data
	config:				<configparser.RawConfigParser object at 0x0000020D98E3C860>
	key:				[40]
	bo_nummer:				test
	organisatie:				cursus
	product_naam:				klimaatatlas
	eigen_naam:				chris.kerklaan
	project_nummer:				u0011
	dataset:				cursus_klimaatatlas
	organisatie_uuid:				61f5a464-c350-44c1-9bc7-d4b42d7f58cb
	directory:				C:\Users\chris.kerklaan\Documents\Projecten\catalogus_cursus\extract_raster
	overwrite:				False
	update_metadata_only:				True
	update_data_only:				False
	project:				True
	clip:				True
	clip_nummers:				[40]
	store:				<nens_raster_uploader.rasterstore.rasterstore object at 0x0000020D98C96080>
	in_path:				C:\Users\chris.kerklaan\Documents\Projecten\catalogus_cursus\extract_raster\bodemdaling_wh2050_aanvullende_daling_[cm_tot_2050].json
	json:				True
	json_dict:				{'rasterstore': {'id': 8499, 'url': 'https://demo.lizard.net/api/v4/rasters/cf09302b-0228-4220-b5a4-b7b5461f7fcf/', 'name': 'Bodemdaling aanvullend NWM W+2050', 'organisation': {'url': 'https://demo.lizard.net/api/v4/organisations/61f5a464-c350-44c1-9bc7-d4b42d7f58cb/', 'name': 'Nelen & Schuurmans', 'uuid': '61f5a464-c350-44c1-9bc7-d4b42d7f58cb'}, 'shared_with': [], 'observation_type': {'url': 'https://demo.lizard.net/api/v4/observationtypes/861/', 'code': 'bodemdaling', 'parameter': 'Bodemdaling', 'unit': 'mm/jaar', 'scale': 'interval', 'description': '', 'domain_values': None, 'reference_frame': '', 'compartment': ''}, 'description': 'Aanvullende bodemdaling gebaseerd op het W+2050 scenario van het Nationaal Watermodel', 'supplier': None, 'supplier_code': None, 'aggregation_type': 'curve', 'options': {'styles': 'GnBu:0:20'}, 'rescalable': True, 'temporal': False, 'interval': None, 'access_modifier': 'Public', 'first_value_timestamp': '1970-01-01T00:00:00Z', 'last_value_timestamp': '1970-01-01T00:00:00Z', 'source': {'graph': {'MaskBelow_8592cb879d1cff1e7051266c27e08dae': ['dask_geomodeling.raster.misc.MaskBelow', 'Interpolate_ef135c10d3e5f672eaa39d34829e6aa0', -3], 'Interpolate_ef135c10d3e5f672eaa39d34829e6aa0': ['raster_store.blocks.Interpolate', 'RasterStoreSource_5b5b314b8c8d82afed7d2d40e417b5cd', 'EPSG:28992', [13000.000000004, 100.0, 0.0, 620000.00000001, 0.0, -100.0]], 'RasterStoreSource_5b5b314b8c8d82afed7d2d40e417b5cd': ['raster_store.blocks.RasterStoreSource', 'file:///mnt/rastprod/stores/intern/nl/klimaatatlas/nwm/bodemdaling_aanv_w2050']}, 'name': 'MaskBelow_8592cb879d1cff1e7051266c27e08dae', 'url': 'https://demo.lizard.net/api/v4/geoblocks/0ed410f2-d287-4eba-b886-6cd5c8c4e1f3/'}, 'spatial_bounds': {'west': 3.244860925961014, 'east': 7.258141949883501, 'north': 53.55153326895402, 'south': 50.72645127766588}, 'projection': 'EPSG:28992', 'origin_x': 13000.000000004, 'origin_y': 620000.00000001, 'pixelsize_x': 100.0, 'pixelsize_y': -100.0, 'last_modified': '2019-10-24T14:38:38.577087Z', 'uuid': 'cf09302b-0228-4220-b5a4-b7b5461f7fcf', 'wms_info': {'endpoint': 'https://demo.lizard.net/wms/', 'layer': 'intern:nl:klimaatatlas:nwm:bodemdaling_aanv_w2050_int'}, 'writable': True, 'datasets': [{'slug': 'basiskaarten', 'organisation': {'url': 'https://demo.lizard.net/api/v4/organisations/61f5a464-c350-44c1-9bc7-d4b42d7f58cb/', 'name': 'Nelen & Schuurmans', 'uuid': '61f5a464-c350-44c1-9bc7-d4b42d7f58cb'}}, {'slug': 'hltsamen_klimaatatlas', 'organisation': {'url': 'https://demo.lizard.net/api/v4/organisations/61f5a464-c350-44c1-9bc7-d4b42d7f58cb/', 'name': 'Nelen & Schuurmans', 'uuid': '61f5a464-c350-44c1-9bc7-d4b42d7f58cb'}}]}, 'atlas': {'type': 'wms', 'name': 'Bodemdaling WH2050 aanvullende daling [cm tot 2050]', 'url': 'https://demo.lizard.net/wms/', 'layerName': 'intern:nl:klimaatatlas:nwm:bodemdaling_aanv_w2050_int', 'information': '<p><strong>Opbouw</strong>\nBasis vormt de kaart Bodemdaling 2016-2050 voor het WH2050 klimaatscenario uit de CAS Klimaateffectatlas, resultaten september 2017 (www.klimaateffectatlas.nl). De kaart is ruimtelijk geïnterpoleerd voor een verbeterde visualisatie en toont de geschatte aanvullende bodemdaling tot 2050 voor het WH2050 klimaatscenario.</p>\n<p><strong>Verantwoording</strong>\nIn deze kaart wordt extra informatie gegenereerd door ruimtelijke interpolatie van de berekende bodemdaling (CAS Klimaateffectatlas).</p>', 'styles': 'Purples:0:10', 'height': 256, 'width': 256, 'zindex': 10, 'srs': 'EPSG:3857', 'format': 'image/png', 'transparent': True, 'opacity': 80, 'attribution': 'Copyright, Lizard 2016', 'active': True, 'dynamicScalable': True, 'legend': {'name': 'Aanvullende bodemdaling', 'type': 'categorical', 'steps': [{'label': '0 cm tot 2050', 'style': 'point', 'color': '#FCFBFD', 'symbol': ''}, {'label': '5 cm tot 2050', 'style': 'point', 'color': '#A29FCB', 'symbol': ''}, {'label': '10 cm tot 2050', 'style': 'point', 'color': '#3F007D', 'symbol': ''}]}, 'has_getfeatureinfo': False, 'getfeatureinfo_fields': [], 'getfeatureinfo_url': '', 'layername': 'bodemdaling_aanv_w2050_int', 'slug': 'intern:nl:klimaatatlas:nwm:bodemdaling_aanv_w2050_int'}}
	configuration:				{'name': 'Bodemdaling WH2050 aanvullende daling [cm tot 2050]', 'organisation': '61f5a464-c350-44c1-9bc7-d4b42d7f58cb', 'description': 'OpbouwBasis vormt de kaart Bodemdaling 2016-2050 voor het WH2050 klimaatscenario uit de CAS Klimaateffectatlas, resultaten september 2017 (www.klimaateffectatlas.nl). De kaart is ruimtelijk geïnterpoleerd voor een verbeterde visualisatie en toont de geschatte aanvullende bodemdaling tot 2050 voor het WH2050 klimaatscenario.VerantwoordingIn deze kaart wordt extra informatie gegenereerd door ruimtelijke interpolatie van de berekende bodemdaling (CAS Klimaateffectatlas).', 'supplier': 'chris.kerklaan', 'supplier_code': 'Bodemdaling aanvullend NWM W+2050', 'aggregation_type': 2, 'options': {'styles': 'GnBu:0:20'}, 'acces_modifier': 0, 'rescalable': False, 'observation_type': 'bodemdaling', 'datasets': ['cursus_klimaatatlas'], 'slug': 'cursus:bodemdaling wh2050 aanvullende daling [cm tot 2050]'}
	skip:				False
	onderwerp:				Bodemdaling WH2050 aanvullende daling [cm tot 2050]
create store succes 201
2020-02-10 10:43:45.206106 - 0:00:15.711769 - 20.0% - C:\Users\chris.kerklaan\Documents\Projecten\catalogus_cursus\extract_raster\hittestress.json

 Paths:
		C:\Users\chris.kerklaan\Documents\Projecten\catalogus_cursus\extract_raster\bodemdaling_huidig_[cm_tot_2050].json
		C:\Users\chris.kerklaan\Documents\Projecten\catalogus_cursus\extract_raster\bodemdaling_wh2050_aanvullende_daling_[cm_tot_2050].json
		C:\Users\chris.kerklaan\Documents\Projecten\catalogus_cursus\extract_raster\hittestress.json
		C:\Users\chris.kerklaan\Documents\Projecten\catalogus_cursus\extract_raster\hoogte_maaiveld.json
		C:\Users\chris.kerklaan\Documents\Projecten\catalogus_cursus\extract_raster\landgebruik.json
		C:\Users\chris.kerklaan\Documents\Projecten\catalogus_cursus\extract_raster\maximale_overstromingsdiepte.json
		C:\Users\chris.kerklaan\Documents\Projecten\catalogus_cursus\extract_raster\pet_hittestresskaart.json
		C:\Users\chris.kerklaan\Documents\Projecten\catalogus_cursus\extract_raster\stroombanen.json
		C:\Users\chris.kerklaan\Documents\Projecten\catalogus_cursus\extract_raster\waterdiepte_bij_extreme_neerslag_landelijk.json
		C:\Users\chris.kerklaan\Documents\Projecten\catalogus_cursus\extract_raster\waterdiepte_bij_extreme_neerslag_stedelijk.json
2020-02-10 11:08:01.978352 - 0:00:00.639164 - 0.0% - C:\Users\chris.kerklaan\Documents\Projecten\catalogus_cursus\extract_raster\bodemdaling_huidig_[cm_tot_2050].json

 Settings:
	ini:				C:\Users\chris.kerklaan\Documents\Github\nens_gs_uploader\nens_raster_uploader\data\instellingen_voorbeeld.ini
	ini_location:				C:\Users\chris.kerklaan\Documents\Github\nens_gs_uploader\nens_raster_uploader\data
	config:				<configparser.RawConfigParser object at 0x0000016EA3AED828>
	key:				[40]
	bo_nummer:				test
	organisatie:				cursus
	product_naam:				klimaatatlas
	eigen_naam:				chris.kerklaan
	project_nummer:				u0011
	dataset:				cursus_klimaatatlas
	organisatie_uuid:				61f5a464-c350-44c1-9bc7-d4b42d7f58cb
	directory:				C:\Users\chris.kerklaan\Documents\Projecten\catalogus_cursus\extract_raster
	overwrite:				False
	update_metadata_only:				True
	update_data_only:				False
	project:				True
	clip:				True
	clip_nummers:				[40]
	store:				<nens_raster_uploader.rasterstore.rasterstore object at 0x0000016EA3947048>
	in_path:				C:\Users\chris.kerklaan\Documents\Projecten\catalogus_cursus\extract_raster\bodemdaling_huidig_[cm_tot_2050].json
	json:				True
	json_dict:				{'rasterstore': {'id': 8214, 'url': 'https://demo.lizard.net/api/v4/rasters/9b40ef35-05bd-4473-a8cf-83338bdbb210/', 'name': 'Bodemdaling NWM W+2050', 'organisation': {'url': 'https://demo.lizard.net/api/v4/organisations/61f5a464-c350-44c1-9bc7-d4b42d7f58cb/', 'name': 'Nelen & Schuurmans', 'uuid': '61f5a464-c350-44c1-9bc7-d4b42d7f58cb'}, 'shared_with': [{'url': 'https://demo.lizard.net/api/v4/organisations/474afd21-2f2e-4b4f-8261-5142f1d67acb/', 'name': 'Hoogheemraadschap Hollands Noorderkwartier', 'uuid': '474afd21-2f2e-4b4f-8261-5142f1d67acb'}], 'observation_type': {'url': 'https://demo.lizard.net/api/v4/observationtypes/861/', 'code': 'bodemdaling', 'parameter': 'Bodemdaling', 'unit': 'mm/jaar', 'scale': 'interval', 'description': '', 'domain_values': None, 'reference_frame': '', 'compartment': ''}, 'description': 'Bodemdaling gebaseerd op het W+2050 scenario van het Nationaal Watermodel', 'supplier': None, 'supplier_code': None, 'aggregation_type': 'curve', 'options': {'styles': 'GnBu:0:1'}, 'rescalable': True, 'temporal': False, 'interval': None, 'access_modifier': 'Public', 'first_value_timestamp': '1970-01-01T00:00:00Z', 'last_value_timestamp': '1970-01-01T00:00:00Z', 'source': {'graph': {'MaskBelow_e9966146ac1706c8a0b3e5090b4ac8b7': ['dask_geomodeling.raster.misc.MaskBelow', 'Interpolate_ec2b92a78710f116dc14bb428c001f28', -3], 'Interpolate_ec2b92a78710f116dc14bb428c001f28': ['raster_store.blocks.Interpolate', 'RasterStoreSource_26dfa3281ae081658dbfa6bdedfc55ba', 'EPSG:28992', [13000.0, 100.0, 0.0, 620000.0, 0.0, -100.0]], 'RasterStoreSource_26dfa3281ae081658dbfa6bdedfc55ba': ['raster_store.blocks.RasterStoreSource', 'file:///mnt/rastprod/stores/intern/nl/klimaatatlas/nwm/bodemdaling_w2050']}, 'name': 'MaskBelow_e9966146ac1706c8a0b3e5090b4ac8b7', 'url': 'https://demo.lizard.net/api/v4/geoblocks/348e3774-7521-44d5-a32c-c40c3c3683b2/'}, 'spatial_bounds': {'west': 3.244860925960958, 'east': 7.258141949883434, 'north': 53.55153326895393, 'south': 50.72645127766577}, 'projection': 'EPSG:28992', 'origin_x': 13000.0, 'origin_y': 620000.0, 'pixelsize_x': 100.0, 'pixelsize_y': -100.0, 'last_modified': '2019-10-24T14:38:11.972361Z', 'uuid': '9b40ef35-05bd-4473-a8cf-83338bdbb210', 'wms_info': {'endpoint': 'https://demo.lizard.net/wms/', 'layer': 'intern:nl:klimaatatlas:nwm:bodemdaling_w2050_int'}, 'writable': True, 'datasets': [{'slug': 'hltsamen_klimaatatlas', 'organisation': {'url': 'https://demo.lizard.net/api/v4/organisations/61f5a464-c350-44c1-9bc7-d4b42d7f58cb/', 'name': 'Nelen & Schuurmans', 'uuid': '61f5a464-c350-44c1-9bc7-d4b42d7f58cb'}}, {'slug': 'fluvius_klimaatatlas', 'organisation': {'url': 'https://demo.lizard.net/api/v4/organisations/61f5a464-c350-44c1-9bc7-d4b42d7f58cb/', 'name': 'Nelen & Schuurmans', 'uuid': '61f5a464-c350-44c1-9bc7-d4b42d7f58cb'}}]}, 'atlas': {'type': 'wms', 'name': 'Bodemdaling Huidig [cm tot 2050]', 'url': 'https://demo.lizard.net/wms/', 'layerName': 'intern:nl:klimaatatlas:nwm:bodemdaling_w2050_int', 'information': '<p><strong>Opbouw</strong>\nBasis vormt de kaart Bodemdaling 2016-2050 voor huidig klimaat uit de CAS Klimaateffectatlas, resultaten september 2017 (www.klimaateffectatlas.nl). De kaart is ruimtelijk geïnterpoleerd voor een verbeterde visualisatie en toont de geschatte bodemdaling tot 2050 uitgaande van het huidige klimaat.</p>\n<p><strong>Verantwoording</strong>\nIn deze kaart wordt extra informatie gegenereerd door ruimtelijke interpolatie van de berekende bodemdaling (CAS Klimaateffectatlas).</p>', 'styles': 'YlOrBr:0:10', 'height': 256, 'width': 256, 'zindex': 8, 'srs': 'EPSG:3857', 'format': 'image/png', 'transparent': True, 'opacity': 80, 'attribution': 'Copyright, Lizard 2016', 'active': True, 'dynamicScalable': True, 'legend': {'name': 'Bodemdaling (mm/jaar)', 'type': 'categorical', 'steps': [{'label': '0', 'style': 'point', 'color': '#ffffd4', 'symbol': ''}, {'label': '2,5', 'style': 'point', 'color': '#fed98e', 'symbol': ''}, {'label': '5', 'style': 'point', 'color': '#fe9929', 'symbol': ''}, {'label': '7,5', 'style': 'point', 'color': '#d95f0e', 'symbol': ''}, {'label': '10', 'style': 'point', 'color': '#993404', 'symbol': ''}]}, 'has_getfeatureinfo': False, 'getfeatureinfo_fields': [], 'getfeatureinfo_url': '', 'layername': 'bodemdaling_w2050_int', 'slug': 'intern:nl:klimaatatlas:nwm:bodemdaling_w2050_int'}}
	configuration:				{'name': 'Bodemdaling Huidig [cm tot 2050]', 'organisation': '61f5a464-c350-44c1-9bc7-d4b42d7f58cb', 'description': 'OpbouwBasis vormt de kaart Bodemdaling 2016-2050 voor huidig klimaat uit de CAS Klimaateffectatlas, resultaten september 2017 (www.klimaateffectatlas.nl). De kaart is ruimtelijk geïnterpoleerd voor een verbeterde visualisatie en toont de geschatte bodemdaling tot 2050 uitgaande van het huidige klimaat.VerantwoordingIn deze kaart wordt extra informatie gegenereerd door ruimtelijke interpolatie van de berekende bodemdaling (CAS Klimaateffectatlas).', 'supplier': 'chris.kerklaan', 'supplier_code': 'Bodemdaling NWM W+2050', 'aggregation_type': 2, 'options': {'styles': 'GnBu:0:1'}, 'acces_modifier': 0, 'rescalable': False, 'observation_type': 'bodemdaling', 'datasets': ['cursus_klimaatatlas'], 'slug': 'cursus:bodemdaling huidig [cm tot 2050]'}
	skip:				False
	onderwerp:				Bodemdaling Huidig [cm tot 2050]
create store succes 201
2020-02-10 11:08:17.758478 - 0:00:15.780126 - 10.0% - C:\Users\chris.kerklaan\Documents\Projecten\catalogus_cursus\extract_raster\bodemdaling_wh2050_aanvullende_daling_[cm_tot_2050].json

 Settings:
	ini:				C:\Users\chris.kerklaan\Documents\Github\nens_gs_uploader\nens_raster_uploader\data\instellingen_voorbeeld.ini
	ini_location:				C:\Users\chris.kerklaan\Documents\Github\nens_gs_uploader\nens_raster_uploader\data
	config:				<configparser.RawConfigParser object at 0x0000016EA3AED828>
	key:				[40]
	bo_nummer:				test
	organisatie:				cursus
	product_naam:				klimaatatlas
	eigen_naam:				chris.kerklaan
	project_nummer:				u0011
	dataset:				cursus_klimaatatlas
	organisatie_uuid:				61f5a464-c350-44c1-9bc7-d4b42d7f58cb
	directory:				C:\Users\chris.kerklaan\Documents\Projecten\catalogus_cursus\extract_raster
	overwrite:				False
	update_metadata_only:				True
	update_data_only:				False
	project:				True
	clip:				True
	clip_nummers:				[40]
	store:				<nens_raster_uploader.rasterstore.rasterstore object at 0x0000016EA3947048>
	in_path:				C:\Users\chris.kerklaan\Documents\Projecten\catalogus_cursus\extract_raster\bodemdaling_wh2050_aanvullende_daling_[cm_tot_2050].json
	json:				True
	json_dict:				{'rasterstore': {'id': 8499, 'url': 'https://demo.lizard.net/api/v4/rasters/cf09302b-0228-4220-b5a4-b7b5461f7fcf/', 'name': 'Bodemdaling aanvullend NWM W+2050', 'organisation': {'url': 'https://demo.lizard.net/api/v4/organisations/61f5a464-c350-44c1-9bc7-d4b42d7f58cb/', 'name': 'Nelen & Schuurmans', 'uuid': '61f5a464-c350-44c1-9bc7-d4b42d7f58cb'}, 'shared_with': [], 'observation_type': {'url': 'https://demo.lizard.net/api/v4/observationtypes/861/', 'code': 'bodemdaling', 'parameter': 'Bodemdaling', 'unit': 'mm/jaar', 'scale': 'interval', 'description': '', 'domain_values': None, 'reference_frame': '', 'compartment': ''}, 'description': 'Aanvullende bodemdaling gebaseerd op het W+2050 scenario van het Nationaal Watermodel', 'supplier': None, 'supplier_code': None, 'aggregation_type': 'curve', 'options': {'styles': 'GnBu:0:20'}, 'rescalable': True, 'temporal': False, 'interval': None, 'access_modifier': 'Public', 'first_value_timestamp': '1970-01-01T00:00:00Z', 'last_value_timestamp': '1970-01-01T00:00:00Z', 'source': {'graph': {'MaskBelow_8592cb879d1cff1e7051266c27e08dae': ['dask_geomodeling.raster.misc.MaskBelow', 'Interpolate_ef135c10d3e5f672eaa39d34829e6aa0', -3], 'Interpolate_ef135c10d3e5f672eaa39d34829e6aa0': ['raster_store.blocks.Interpolate', 'RasterStoreSource_5b5b314b8c8d82afed7d2d40e417b5cd', 'EPSG:28992', [13000.000000004, 100.0, 0.0, 620000.00000001, 0.0, -100.0]], 'RasterStoreSource_5b5b314b8c8d82afed7d2d40e417b5cd': ['raster_store.blocks.RasterStoreSource', 'file:///mnt/rastprod/stores/intern/nl/klimaatatlas/nwm/bodemdaling_aanv_w2050']}, 'name': 'MaskBelow_8592cb879d1cff1e7051266c27e08dae', 'url': 'https://demo.lizard.net/api/v4/geoblocks/0ed410f2-d287-4eba-b886-6cd5c8c4e1f3/'}, 'spatial_bounds': {'west': 3.244860925961014, 'east': 7.258141949883501, 'north': 53.55153326895402, 'south': 50.72645127766588}, 'projection': 'EPSG:28992', 'origin_x': 13000.000000004, 'origin_y': 620000.00000001, 'pixelsize_x': 100.0, 'pixelsize_y': -100.0, 'last_modified': '2019-10-24T14:38:38.577087Z', 'uuid': 'cf09302b-0228-4220-b5a4-b7b5461f7fcf', 'wms_info': {'endpoint': 'https://demo.lizard.net/wms/', 'layer': 'intern:nl:klimaatatlas:nwm:bodemdaling_aanv_w2050_int'}, 'writable': True, 'datasets': [{'slug': 'basiskaarten', 'organisation': {'url': 'https://demo.lizard.net/api/v4/organisations/61f5a464-c350-44c1-9bc7-d4b42d7f58cb/', 'name': 'Nelen & Schuurmans', 'uuid': '61f5a464-c350-44c1-9bc7-d4b42d7f58cb'}}, {'slug': 'hltsamen_klimaatatlas', 'organisation': {'url': 'https://demo.lizard.net/api/v4/organisations/61f5a464-c350-44c1-9bc7-d4b42d7f58cb/', 'name': 'Nelen & Schuurmans', 'uuid': '61f5a464-c350-44c1-9bc7-d4b42d7f58cb'}}]}, 'atlas': {'type': 'wms', 'name': 'Bodemdaling WH2050 aanvullende daling [cm tot 2050]', 'url': 'https://demo.lizard.net/wms/', 'layerName': 'intern:nl:klimaatatlas:nwm:bodemdaling_aanv_w2050_int', 'information': '<p><strong>Opbouw</strong>\nBasis vormt de kaart Bodemdaling 2016-2050 voor het WH2050 klimaatscenario uit de CAS Klimaateffectatlas, resultaten september 2017 (www.klimaateffectatlas.nl). De kaart is ruimtelijk geïnterpoleerd voor een verbeterde visualisatie en toont de geschatte aanvullende bodemdaling tot 2050 voor het WH2050 klimaatscenario.</p>\n<p><strong>Verantwoording</strong>\nIn deze kaart wordt extra informatie gegenereerd door ruimtelijke interpolatie van de berekende bodemdaling (CAS Klimaateffectatlas).</p>', 'styles': 'Purples:0:10', 'height': 256, 'width': 256, 'zindex': 10, 'srs': 'EPSG:3857', 'format': 'image/png', 'transparent': True, 'opacity': 80, 'attribution': 'Copyright, Lizard 2016', 'active': True, 'dynamicScalable': True, 'legend': {'name': 'Aanvullende bodemdaling', 'type': 'categorical', 'steps': [{'label': '0 cm tot 2050', 'style': 'point', 'color': '#FCFBFD', 'symbol': ''}, {'label': '5 cm tot 2050', 'style': 'point', 'color': '#A29FCB', 'symbol': ''}, {'label': '10 cm tot 2050', 'style': 'point', 'color': '#3F007D', 'symbol': ''}]}, 'has_getfeatureinfo': False, 'getfeatureinfo_fields': [], 'getfeatureinfo_url': '', 'layername': 'bodemdaling_aanv_w2050_int', 'slug': 'intern:nl:klimaatatlas:nwm:bodemdaling_aanv_w2050_int'}}
	configuration:				{'name': 'Bodemdaling WH2050 aanvullende daling [cm tot 2050]', 'organisation': '61f5a464-c350-44c1-9bc7-d4b42d7f58cb', 'description': 'OpbouwBasis vormt de kaart Bodemdaling 2016-2050 voor het WH2050 klimaatscenario uit de CAS Klimaateffectatlas, resultaten september 2017 (www.klimaateffectatlas.nl). De kaart is ruimtelijk geïnterpoleerd voor een verbeterde visualisatie en toont de geschatte aanvullende bodemdaling tot 2050 voor het WH2050 klimaatscenario.VerantwoordingIn deze kaart wordt extra informatie gegenereerd door ruimtelijke interpolatie van de berekende bodemdaling (CAS Klimaateffectatlas).', 'supplier': 'chris.kerklaan', 'supplier_code': 'Bodemdaling aanvullend NWM W+2050', 'aggregation_type': 2, 'options': {'styles': 'GnBu:0:20'}, 'acces_modifier': 0, 'rescalable': False, 'observation_type': 'bodemdaling', 'datasets': ['cursus_klimaatatlas'], 'slug': 'cursus:bodemdaling wh2050 aanvullende daling [cm tot 2050]'}
	skip:				False
	onderwerp:				Bodemdaling WH2050 aanvullende daling [cm tot 2050]
create store succes 201
2020-02-10 11:08:33.486008 - 0:00:15.727530 - 20.0% - C:\Users\chris.kerklaan\Documents\Projecten\catalogus_cursus\extract_raster\hittestress.json

 Paths:
		C:\Users\chris.kerklaan\Documents\Projecten\catalogus_cursus\extract_raster\bodemdaling_huidig_[cm_tot_2050].json
		C:\Users\chris.kerklaan\Documents\Projecten\catalogus_cursus\extract_raster\bodemdaling_wh2050_aanvullende_daling_[cm_tot_2050].json
		C:\Users\chris.kerklaan\Documents\Projecten\catalogus_cursus\extract_raster\hittestress.json
		C:\Users\chris.kerklaan\Documents\Projecten\catalogus_cursus\extract_raster\hoogte_maaiveld.json
		C:\Users\chris.kerklaan\Documents\Projecten\catalogus_cursus\extract_raster\landgebruik.json
		C:\Users\chris.kerklaan\Documents\Projecten\catalogus_cursus\extract_raster\maximale_overstromingsdiepte.json
		C:\Users\chris.kerklaan\Documents\Projecten\catalogus_cursus\extract_raster\pet_hittestresskaart.json
		C:\Users\chris.kerklaan\Documents\Projecten\catalogus_cursus\extract_raster\stroombanen.json
		C:\Users\chris.kerklaan\Documents\Projecten\catalogus_cursus\extract_raster\waterdiepte_bij_extreme_neerslag_landelijk.json
		C:\Users\chris.kerklaan\Documents\Projecten\catalogus_cursus\extract_raster\waterdiepte_bij_extreme_neerslag_stedelijk.json
2020-02-10 11:11:00.776216 - 0:00:00.428351 - 0.0% - C:\Users\chris.kerklaan\Documents\Projecten\catalogus_cursus\extract_raster\bodemdaling_huidig_[cm_tot_2050].json

 Paths:
		C:\Users\chris.kerklaan\Documents\Projecten\catalogus_cursus\extract_raster\bodemdaling_huidig_[cm_tot_2050].json
		C:\Users\chris.kerklaan\Documents\Projecten\catalogus_cursus\extract_raster\bodemdaling_wh2050_aanvullende_daling_[cm_tot_2050].json
		C:\Users\chris.kerklaan\Documents\Projecten\catalogus_cursus\extract_raster\hittestress.json
		C:\Users\chris.kerklaan\Documents\Projecten\catalogus_cursus\extract_raster\hoogte_maaiveld.json
		C:\Users\chris.kerklaan\Documents\Projecten\catalogus_cursus\extract_raster\landgebruik.json
		C:\Users\chris.kerklaan\Documents\Projecten\catalogus_cursus\extract_raster\maximale_overstromingsdiepte.json
		C:\Users\chris.kerklaan\Documents\Projecten\catalogus_cursus\extract_raster\pet_hittestresskaart.json
		C:\Users\chris.kerklaan\Documents\Projecten\catalogus_cursus\extract_raster\stroombanen.json
		C:\Users\chris.kerklaan\Documents\Projecten\catalogus_cursus\extract_raster\waterdiepte_bij_extreme_neerslag_landelijk.json
		C:\Users\chris.kerklaan\Documents\Projecten\catalogus_cursus\extract_raster\waterdiepte_bij_extreme_neerslag_stedelijk.json
2020-02-10 11:11:06.595798 - 0:00:00.435658 - 0.0% - C:\Users\chris.kerklaan\Documents\Projecten\catalogus_cursus\extract_raster\bodemdaling_huidig_[cm_tot_2050].json

 Settings:
	ini:				C:\Users\chris.kerklaan\Documents\Github\nens_gs_uploader\nens_raster_uploader\data\instellingen_voorbeeld.ini
	ini_location:				C:\Users\chris.kerklaan\Documents\Github\nens_gs_uploader\nens_raster_uploader\data
	config:				<configparser.RawConfigParser object at 0x0000027F1C8FBCC0>
	key:				[40]
	bo_nummer:				test
	organisatie:				cursus
	product_naam:				klimaatatlas
	eigen_naam:				chris.kerklaan
	project_nummer:				u0011
	dataset:				cursus_klimaatatlas
	organisatie_uuid:				61f5a464-c350-44c1-9bc7-d4b42d7f58cb
	directory:				C:\Users\chris.kerklaan\Documents\Projecten\catalogus_cursus\extract_raster
	overwrite:				False
	update_metadata_only:				True
	update_data_only:				False
	project:				True
	clip:				True
	clip_nummers:				[40]
	store:				<nens_raster_uploader.rasterstore.rasterstore object at 0x0000027F1CA0EDD8>
	in_path:				C:\Users\chris.kerklaan\Documents\Projecten\catalogus_cursus\extract_raster\bodemdaling_huidig_[cm_tot_2050].json
	json:				True
	json_dict:				{'rasterstore': {'id': 8214, 'url': 'https://demo.lizard.net/api/v4/rasters/9b40ef35-05bd-4473-a8cf-83338bdbb210/', 'name': 'Bodemdaling NWM W+2050', 'organisation': {'url': 'https://demo.lizard.net/api/v4/organisations/61f5a464-c350-44c1-9bc7-d4b42d7f58cb/', 'name': 'Nelen & Schuurmans', 'uuid': '61f5a464-c350-44c1-9bc7-d4b42d7f58cb'}, 'shared_with': [{'url': 'https://demo.lizard.net/api/v4/organisations/474afd21-2f2e-4b4f-8261-5142f1d67acb/', 'name': 'Hoogheemraadschap Hollands Noorderkwartier', 'uuid': '474afd21-2f2e-4b4f-8261-5142f1d67acb'}], 'observation_type': {'url': 'https://demo.lizard.net/api/v4/observationtypes/861/', 'code': 'bodemdaling', 'parameter': 'Bodemdaling', 'unit': 'mm/jaar', 'scale': 'interval', 'description': '', 'domain_values': None, 'reference_frame': '', 'compartment': ''}, 'description': 'Bodemdaling gebaseerd op het W+2050 scenario van het Nationaal Watermodel', 'supplier': None, 'supplier_code': None, 'aggregation_type': 'curve', 'options': {'styles': 'GnBu:0:1'}, 'rescalable': True, 'temporal': False, 'interval': None, 'access_modifier': 'Public', 'first_value_timestamp': '1970-01-01T00:00:00Z', 'last_value_timestamp': '1970-01-01T00:00:00Z', 'source': {'graph': {'MaskBelow_e9966146ac1706c8a0b3e5090b4ac8b7': ['dask_geomodeling.raster.misc.MaskBelow', 'Interpolate_ec2b92a78710f116dc14bb428c001f28', -3], 'Interpolate_ec2b92a78710f116dc14bb428c001f28': ['raster_store.blocks.Interpolate', 'RasterStoreSource_26dfa3281ae081658dbfa6bdedfc55ba', 'EPSG:28992', [13000.0, 100.0, 0.0, 620000.0, 0.0, -100.0]], 'RasterStoreSource_26dfa3281ae081658dbfa6bdedfc55ba': ['raster_store.blocks.RasterStoreSource', 'file:///mnt/rastprod/stores/intern/nl/klimaatatlas/nwm/bodemdaling_w2050']}, 'name': 'MaskBelow_e9966146ac1706c8a0b3e5090b4ac8b7', 'url': 'https://demo.lizard.net/api/v4/geoblocks/348e3774-7521-44d5-a32c-c40c3c3683b2/'}, 'spatial_bounds': {'west': 3.244860925960958, 'east': 7.258141949883434, 'north': 53.55153326895393, 'south': 50.72645127766577}, 'projection': 'EPSG:28992', 'origin_x': 13000.0, 'origin_y': 620000.0, 'pixelsize_x': 100.0, 'pixelsize_y': -100.0, 'last_modified': '2019-10-24T14:38:11.972361Z', 'uuid': '9b40ef35-05bd-4473-a8cf-83338bdbb210', 'wms_info': {'endpoint': 'https://demo.lizard.net/wms/', 'layer': 'intern:nl:klimaatatlas:nwm:bodemdaling_w2050_int'}, 'writable': True, 'datasets': [{'slug': 'hltsamen_klimaatatlas', 'organisation': {'url': 'https://demo.lizard.net/api/v4/organisations/61f5a464-c350-44c1-9bc7-d4b42d7f58cb/', 'name': 'Nelen & Schuurmans', 'uuid': '61f5a464-c350-44c1-9bc7-d4b42d7f58cb'}}, {'slug': 'fluvius_klimaatatlas', 'organisation': {'url': 'https://demo.lizard.net/api/v4/organisations/61f5a464-c350-44c1-9bc7-d4b42d7f58cb/', 'name': 'Nelen & Schuurmans', 'uuid': '61f5a464-c350-44c1-9bc7-d4b42d7f58cb'}}]}, 'atlas': {'type': 'wms', 'name': 'Bodemdaling Huidig [cm tot 2050]', 'url': 'https://demo.lizard.net/wms/', 'layerName': 'intern:nl:klimaatatlas:nwm:bodemdaling_w2050_int', 'information': '<p><strong>Opbouw</strong>\nBasis vormt de kaart Bodemdaling 2016-2050 voor huidig klimaat uit de CAS Klimaateffectatlas, resultaten september 2017 (www.klimaateffectatlas.nl). De kaart is ruimtelijk geïnterpoleerd voor een verbeterde visualisatie en toont de geschatte bodemdaling tot 2050 uitgaande van het huidige klimaat.</p>\n<p><strong>Verantwoording</strong>\nIn deze kaart wordt extra informatie gegenereerd door ruimtelijke interpolatie van de berekende bodemdaling (CAS Klimaateffectatlas).</p>', 'styles': 'YlOrBr:0:10', 'height': 256, 'width': 256, 'zindex': 8, 'srs': 'EPSG:3857', 'format': 'image/png', 'transparent': True, 'opacity': 80, 'attribution': 'Copyright, Lizard 2016', 'active': True, 'dynamicScalable': True, 'legend': {'name': 'Bodemdaling (mm/jaar)', 'type': 'categorical', 'steps': [{'label': '0', 'style': 'point', 'color': '#ffffd4', 'symbol': ''}, {'label': '2,5', 'style': 'point', 'color': '#fed98e', 'symbol': ''}, {'label': '5', 'style': 'point', 'color': '#fe9929', 'symbol': ''}, {'label': '7,5', 'style': 'point', 'color': '#d95f0e', 'symbol': ''}, {'label': '10', 'style': 'point', 'color': '#993404', 'symbol': ''}]}, 'has_getfeatureinfo': False, 'getfeatureinfo_fields': [], 'getfeatureinfo_url': '', 'layername': 'bodemdaling_w2050_int', 'slug': 'intern:nl:klimaatatlas:nwm:bodemdaling_w2050_int'}}
	configuration:				{'name': 'Bodemdaling Huidig [cm tot 2050]', 'description': 'OpbouwBasis vormt de kaart Bodemdaling 2016-2050 voor huidig klimaat uit de CAS Klimaateffectatlas, resultaten september 2017 (www.klimaateffectatlas.nl). De kaart is ruimtelijk geïnterpoleerd voor een verbeterde visualisatie en toont de geschatte bodemdaling tot 2050 uitgaande van het huidige klimaat.VerantwoordingIn deze kaart wordt extra informatie gegenereerd door ruimtelijke interpolatie van de berekende bodemdaling (CAS Klimaateffectatlas).', 'supplier': 'chris.kerklaan', 'supplier_code': 'Bodemdaling NWM W+2050', 'aggregation_type': 2, 'options': {'styles': 'GnBu:0:1'}, 'acces_modifier': 0, 'rescalable': False, 'observation_type': 'bodemdaling', 'organisation': '61f5a464-c350-44c1-9bc7-d4b42d7f58cb', 'datasets': ['cursus_klimaatatlas'], 'slug': 'cursus:bodemdaling huidig [cm tot 2050]'}
	skip:				False
	onderwerp:				Bodemdaling Huidig [cm tot 2050]
create store succes 201
2020-02-10 11:11:22.791035 - 0:00:16.195237 - 10.0% - C:\Users\chris.kerklaan\Documents\Projecten\catalogus_cursus\extract_raster\bodemdaling_wh2050_aanvullende_daling_[cm_tot_2050].json

 Settings:
	ini:				C:\Users\chris.kerklaan\Documents\Github\nens_gs_uploader\nens_raster_uploader\data\instellingen_voorbeeld.ini
	ini_location:				C:\Users\chris.kerklaan\Documents\Github\nens_gs_uploader\nens_raster_uploader\data
	config:				<configparser.RawConfigParser object at 0x0000027F1C8FBCC0>
	key:				[40]
	bo_nummer:				test
	organisatie:				cursus
	product_naam:				klimaatatlas
	eigen_naam:				chris.kerklaan
	project_nummer:				u0011
	dataset:				cursus_klimaatatlas
	organisatie_uuid:				61f5a464-c350-44c1-9bc7-d4b42d7f58cb
	directory:				C:\Users\chris.kerklaan\Documents\Projecten\catalogus_cursus\extract_raster
	overwrite:				False
	update_metadata_only:				True
	update_data_only:				False
	project:				True
	clip:				True
	clip_nummers:				[40]
	store:				<nens_raster_uploader.rasterstore.rasterstore object at 0x0000027F1CA0EDD8>
	in_path:				C:\Users\chris.kerklaan\Documents\Projecten\catalogus_cursus\extract_raster\bodemdaling_wh2050_aanvullende_daling_[cm_tot_2050].json
	json:				True
	json_dict:				{'rasterstore': {'id': 8499, 'url': 'https://demo.lizard.net/api/v4/rasters/cf09302b-0228-4220-b5a4-b7b5461f7fcf/', 'name': 'Bodemdaling aanvullend NWM W+2050', 'organisation': {'url': 'https://demo.lizard.net/api/v4/organisations/61f5a464-c350-44c1-9bc7-d4b42d7f58cb/', 'name': 'Nelen & Schuurmans', 'uuid': '61f5a464-c350-44c1-9bc7-d4b42d7f58cb'}, 'shared_with': [], 'observation_type': {'url': 'https://demo.lizard.net/api/v4/observationtypes/861/', 'code': 'bodemdaling', 'parameter': 'Bodemdaling', 'unit': 'mm/jaar', 'scale': 'interval', 'description': '', 'domain_values': None, 'reference_frame': '', 'compartment': ''}, 'description': 'Aanvullende bodemdaling gebaseerd op het W+2050 scenario van het Nationaal Watermodel', 'supplier': None, 'supplier_code': None, 'aggregation_type': 'curve', 'options': {'styles': 'GnBu:0:20'}, 'rescalable': True, 'temporal': False, 'interval': None, 'access_modifier': 'Public', 'first_value_timestamp': '1970-01-01T00:00:00Z', 'last_value_timestamp': '1970-01-01T00:00:00Z', 'source': {'graph': {'MaskBelow_8592cb879d1cff1e7051266c27e08dae': ['dask_geomodeling.raster.misc.MaskBelow', 'Interpolate_ef135c10d3e5f672eaa39d34829e6aa0', -3], 'Interpolate_ef135c10d3e5f672eaa39d34829e6aa0': ['raster_store.blocks.Interpolate', 'RasterStoreSource_5b5b314b8c8d82afed7d2d40e417b5cd', 'EPSG:28992', [13000.000000004, 100.0, 0.0, 620000.00000001, 0.0, -100.0]], 'RasterStoreSource_5b5b314b8c8d82afed7d2d40e417b5cd': ['raster_store.blocks.RasterStoreSource', 'file:///mnt/rastprod/stores/intern/nl/klimaatatlas/nwm/bodemdaling_aanv_w2050']}, 'name': 'MaskBelow_8592cb879d1cff1e7051266c27e08dae', 'url': 'https://demo.lizard.net/api/v4/geoblocks/0ed410f2-d287-4eba-b886-6cd5c8c4e1f3/'}, 'spatial_bounds': {'west': 3.244860925961014, 'east': 7.258141949883501, 'north': 53.55153326895402, 'south': 50.72645127766588}, 'projection': 'EPSG:28992', 'origin_x': 13000.000000004, 'origin_y': 620000.00000001, 'pixelsize_x': 100.0, 'pixelsize_y': -100.0, 'last_modified': '2019-10-24T14:38:38.577087Z', 'uuid': 'cf09302b-0228-4220-b5a4-b7b5461f7fcf', 'wms_info': {'endpoint': 'https://demo.lizard.net/wms/', 'layer': 'intern:nl:klimaatatlas:nwm:bodemdaling_aanv_w2050_int'}, 'writable': True, 'datasets': [{'slug': 'basiskaarten', 'organisation': {'url': 'https://demo.lizard.net/api/v4/organisations/61f5a464-c350-44c1-9bc7-d4b42d7f58cb/', 'name': 'Nelen & Schuurmans', 'uuid': '61f5a464-c350-44c1-9bc7-d4b42d7f58cb'}}, {'slug': 'hltsamen_klimaatatlas', 'organisation': {'url': 'https://demo.lizard.net/api/v4/organisations/61f5a464-c350-44c1-9bc7-d4b42d7f58cb/', 'name': 'Nelen & Schuurmans', 'uuid': '61f5a464-c350-44c1-9bc7-d4b42d7f58cb'}}]}, 'atlas': {'type': 'wms', 'name': 'Bodemdaling WH2050 aanvullende daling [cm tot 2050]', 'url': 'https://demo.lizard.net/wms/', 'layerName': 'intern:nl:klimaatatlas:nwm:bodemdaling_aanv_w2050_int', 'information': '<p><strong>Opbouw</strong>\nBasis vormt de kaart Bodemdaling 2016-2050 voor het WH2050 klimaatscenario uit de CAS Klimaateffectatlas, resultaten september 2017 (www.klimaateffectatlas.nl). De kaart is ruimtelijk geïnterpoleerd voor een verbeterde visualisatie en toont de geschatte aanvullende bodemdaling tot 2050 voor het WH2050 klimaatscenario.</p>\n<p><strong>Verantwoording</strong>\nIn deze kaart wordt extra informatie gegenereerd door ruimtelijke interpolatie van de berekende bodemdaling (CAS Klimaateffectatlas).</p>', 'styles': 'Purples:0:10', 'height': 256, 'width': 256, 'zindex': 10, 'srs': 'EPSG:3857', 'format': 'image/png', 'transparent': True, 'opacity': 80, 'attribution': 'Copyright, Lizard 2016', 'active': True, 'dynamicScalable': True, 'legend': {'name': 'Aanvullende bodemdaling', 'type': 'categorical', 'steps': [{'label': '0 cm tot 2050', 'style': 'point', 'color': '#FCFBFD', 'symbol': ''}, {'label': '5 cm tot 2050', 'style': 'point', 'color': '#A29FCB', 'symbol': ''}, {'label': '10 cm tot 2050', 'style': 'point', 'color': '#3F007D', 'symbol': ''}]}, 'has_getfeatureinfo': False, 'getfeatureinfo_fields': [], 'getfeatureinfo_url': '', 'layername': 'bodemdaling_aanv_w2050_int', 'slug': 'intern:nl:klimaatatlas:nwm:bodemdaling_aanv_w2050_int'}}
	configuration:				{'name': 'Bodemdaling WH2050 aanvullende daling [cm tot 2050]', 'description': 'OpbouwBasis vormt de kaart Bodemdaling 2016-2050 voor het WH2050 klimaatscenario uit de CAS Klimaateffectatlas, resultaten september 2017 (www.klimaateffectatlas.nl). De kaart is ruimtelijk geïnterpoleerd voor een verbeterde visualisatie en toont de geschatte aanvullende bodemdaling tot 2050 voor het WH2050 klimaatscenario.VerantwoordingIn deze kaart wordt extra informatie gegenereerd door ruimtelijke interpolatie van de berekende bodemdaling (CAS Klimaateffectatlas).', 'supplier': 'chris.kerklaan', 'supplier_code': 'Bodemdaling aanvullend NWM W+2050', 'aggregation_type': 2, 'options': {'styles': 'GnBu:0:20'}, 'acces_modifier': 0, 'rescalable': False, 'observation_type': 'bodemdaling', 'organisation': '61f5a464-c350-44c1-9bc7-d4b42d7f58cb', 'datasets': ['cursus_klimaatatlas'], 'slug': 'cursus:bodemdaling wh2050 aanvullende daling [cm tot 2050]'}
	skip:				False
	onderwerp:				Bodemdaling WH2050 aanvullende daling [cm tot 2050]
create store succes 201
2020-02-10 11:11:38.760877 - 0:00:15.969842 - 20.0% - C:\Users\chris.kerklaan\Documents\Projecten\catalogus_cursus\extract_raster\hittestress.json

 Paths:
		C:\Users\chris.kerklaan\Documents\Projecten\catalogus_cursus\extract_raster\bodemdaling_huidig_[cm_tot_2050].json
		C:\Users\chris.kerklaan\Documents\Projecten\catalogus_cursus\extract_raster\bodemdaling_wh2050_aanvullende_daling_[cm_tot_2050].json
		C:\Users\chris.kerklaan\Documents\Projecten\catalogus_cursus\extract_raster\hittestress.json
		C:\Users\chris.kerklaan\Documents\Projecten\catalogus_cursus\extract_raster\hoogte_maaiveld.json
		C:\Users\chris.kerklaan\Documents\Projecten\catalogus_cursus\extract_raster\landgebruik.json
		C:\Users\chris.kerklaan\Documents\Projecten\catalogus_cursus\extract_raster\maximale_overstromingsdiepte.json
		C:\Users\chris.kerklaan\Documents\Projecten\catalogus_cursus\extract_raster\pet_hittestresskaart.json
		C:\Users\chris.kerklaan\Documents\Projecten\catalogus_cursus\extract_raster\stroombanen.json
		C:\Users\chris.kerklaan\Documents\Projecten\catalogus_cursus\extract_raster\waterdiepte_bij_extreme_neerslag_landelijk.json
		C:\Users\chris.kerklaan\Documents\Projecten\catalogus_cursus\extract_raster\waterdiepte_bij_extreme_neerslag_stedelijk.json
2020-02-10 11:15:58.212155 - 0:00:00.469689 - 0.0% - C:\Users\chris.kerklaan\Documents\Projecten\catalogus_cursus\extract_raster\bodemdaling_huidig_[cm_tot_2050].json

 Paths:
		C:\Users\chris.kerklaan\Documents\Projecten\catalogus_cursus\extract_raster\bodemdaling_huidig_[cm_tot_2050].json
		C:\Users\chris.kerklaan\Documents\Projecten\catalogus_cursus\extract_raster\bodemdaling_wh2050_aanvullende_daling_[cm_tot_2050].json
		C:\Users\chris.kerklaan\Documents\Projecten\catalogus_cursus\extract_raster\hittestress.json
		C:\Users\chris.kerklaan\Documents\Projecten\catalogus_cursus\extract_raster\hoogte_maaiveld.json
		C:\Users\chris.kerklaan\Documents\Projecten\catalogus_cursus\extract_raster\landgebruik.json
		C:\Users\chris.kerklaan\Documents\Projecten\catalogus_cursus\extract_raster\maximale_overstromingsdiepte.json
		C:\Users\chris.kerklaan\Documents\Projecten\catalogus_cursus\extract_raster\pet_hittestresskaart.json
		C:\Users\chris.kerklaan\Documents\Projecten\catalogus_cursus\extract_raster\stroombanen.json
		C:\Users\chris.kerklaan\Documents\Projecten\catalogus_cursus\extract_raster\waterdiepte_bij_extreme_neerslag_landelijk.json
		C:\Users\chris.kerklaan\Documents\Projecten\catalogus_cursus\extract_raster\waterdiepte_bij_extreme_neerslag_stedelijk.json
2020-02-10 11:16:37.705197 - 0:00:00.385882 - 0.0% - C:\Users\chris.kerklaan\Documents\Projecten\catalogus_cursus\extract_raster\bodemdaling_huidig_[cm_tot_2050].json

 Settings:
	ini:				C:\Users\chris.kerklaan\Documents\Github\nens_gs_uploader\nens_raster_uploader\data\instellingen_voorbeeld.ini
	ini_location:				C:\Users\chris.kerklaan\Documents\Github\nens_gs_uploader\nens_raster_uploader\data
	config:				<configparser.RawConfigParser object at 0x00000195BF5CBC50>
	key:				[40]
	bo_nummer:				test
	organisatie:				cursus
	product_naam:				klimaatatlas
	eigen_naam:				chris.kerklaan
	project_nummer:				u0011
	dataset:				cursus_klimaatatlas
	organisatie_uuid:				61f5a464-c350-44c1-9bc7-d4b42d7f58cb
	directory:				C:\Users\chris.kerklaan\Documents\Projecten\catalogus_cursus\extract_raster
	overwrite:				False
	update_metadata_only:				True
	update_data_only:				False
	project:				True
	clip:				True
	clip_nummers:				[40]
	store:				<nens_raster_uploader.rasterstore.rasterstore object at 0x00000195BF5BF6A0>
	in_path:				C:\Users\chris.kerklaan\Documents\Projecten\catalogus_cursus\extract_raster\bodemdaling_huidig_[cm_tot_2050].json
	json:				True
	json_dict:				{'rasterstore': {'id': 8214, 'url': 'https://demo.lizard.net/api/v4/rasters/9b40ef35-05bd-4473-a8cf-83338bdbb210/', 'name': 'Bodemdaling NWM W+2050', 'organisation': {'url': 'https://demo.lizard.net/api/v4/organisations/61f5a464-c350-44c1-9bc7-d4b42d7f58cb/', 'name': 'Nelen & Schuurmans', 'uuid': '61f5a464-c350-44c1-9bc7-d4b42d7f58cb'}, 'shared_with': [{'url': 'https://demo.lizard.net/api/v4/organisations/474afd21-2f2e-4b4f-8261-5142f1d67acb/', 'name': 'Hoogheemraadschap Hollands Noorderkwartier', 'uuid': '474afd21-2f2e-4b4f-8261-5142f1d67acb'}], 'observation_type': {'url': 'https://demo.lizard.net/api/v4/observationtypes/861/', 'code': 'bodemdaling', 'parameter': 'Bodemdaling', 'unit': 'mm/jaar', 'scale': 'interval', 'description': '', 'domain_values': None, 'reference_frame': '', 'compartment': ''}, 'description': 'Bodemdaling gebaseerd op het W+2050 scenario van het Nationaal Watermodel', 'supplier': None, 'supplier_code': None, 'aggregation_type': 'curve', 'options': {'styles': 'GnBu:0:1'}, 'rescalable': True, 'temporal': False, 'interval': None, 'access_modifier': 'Public', 'first_value_timestamp': '1970-01-01T00:00:00Z', 'last_value_timestamp': '1970-01-01T00:00:00Z', 'source': {'graph': {'MaskBelow_e9966146ac1706c8a0b3e5090b4ac8b7': ['dask_geomodeling.raster.misc.MaskBelow', 'Interpolate_ec2b92a78710f116dc14bb428c001f28', -3], 'Interpolate_ec2b92a78710f116dc14bb428c001f28': ['raster_store.blocks.Interpolate', 'RasterStoreSource_26dfa3281ae081658dbfa6bdedfc55ba', 'EPSG:28992', [13000.0, 100.0, 0.0, 620000.0, 0.0, -100.0]], 'RasterStoreSource_26dfa3281ae081658dbfa6bdedfc55ba': ['raster_store.blocks.RasterStoreSource', 'file:///mnt/rastprod/stores/intern/nl/klimaatatlas/nwm/bodemdaling_w2050']}, 'name': 'MaskBelow_e9966146ac1706c8a0b3e5090b4ac8b7', 'url': 'https://demo.lizard.net/api/v4/geoblocks/348e3774-7521-44d5-a32c-c40c3c3683b2/'}, 'spatial_bounds': {'west': 3.244860925960958, 'east': 7.258141949883434, 'north': 53.55153326895393, 'south': 50.72645127766577}, 'projection': 'EPSG:28992', 'origin_x': 13000.0, 'origin_y': 620000.0, 'pixelsize_x': 100.0, 'pixelsize_y': -100.0, 'last_modified': '2019-10-24T14:38:11.972361Z', 'uuid': '9b40ef35-05bd-4473-a8cf-83338bdbb210', 'wms_info': {'endpoint': 'https://demo.lizard.net/wms/', 'layer': 'intern:nl:klimaatatlas:nwm:bodemdaling_w2050_int'}, 'writable': True, 'datasets': [{'slug': 'hltsamen_klimaatatlas', 'organisation': {'url': 'https://demo.lizard.net/api/v4/organisations/61f5a464-c350-44c1-9bc7-d4b42d7f58cb/', 'name': 'Nelen & Schuurmans', 'uuid': '61f5a464-c350-44c1-9bc7-d4b42d7f58cb'}}, {'slug': 'fluvius_klimaatatlas', 'organisation': {'url': 'https://demo.lizard.net/api/v4/organisations/61f5a464-c350-44c1-9bc7-d4b42d7f58cb/', 'name': 'Nelen & Schuurmans', 'uuid': '61f5a464-c350-44c1-9bc7-d4b42d7f58cb'}}]}, 'atlas': {'type': 'wms', 'name': 'Bodemdaling Huidig [cm tot 2050]', 'url': 'https://demo.lizard.net/wms/', 'layerName': 'intern:nl:klimaatatlas:nwm:bodemdaling_w2050_int', 'information': '<p><strong>Opbouw</strong>\nBasis vormt de kaart Bodemdaling 2016-2050 voor huidig klimaat uit de CAS Klimaateffectatlas, resultaten september 2017 (www.klimaateffectatlas.nl). De kaart is ruimtelijk geïnterpoleerd voor een verbeterde visualisatie en toont de geschatte bodemdaling tot 2050 uitgaande van het huidige klimaat.</p>\n<p><strong>Verantwoording</strong>\nIn deze kaart wordt extra informatie gegenereerd door ruimtelijke interpolatie van de berekende bodemdaling (CAS Klimaateffectatlas).</p>', 'styles': 'YlOrBr:0:10', 'height': 256, 'width': 256, 'zindex': 8, 'srs': 'EPSG:3857', 'format': 'image/png', 'transparent': True, 'opacity': 80, 'attribution': 'Copyright, Lizard 2016', 'active': True, 'dynamicScalable': True, 'legend': {'name': 'Bodemdaling (mm/jaar)', 'type': 'categorical', 'steps': [{'label': '0', 'style': 'point', 'color': '#ffffd4', 'symbol': ''}, {'label': '2,5', 'style': 'point', 'color': '#fed98e', 'symbol': ''}, {'label': '5', 'style': 'point', 'color': '#fe9929', 'symbol': ''}, {'label': '7,5', 'style': 'point', 'color': '#d95f0e', 'symbol': ''}, {'label': '10', 'style': 'point', 'color': '#993404', 'symbol': ''}]}, 'has_getfeatureinfo': False, 'getfeatureinfo_fields': [], 'getfeatureinfo_url': '', 'layername': 'bodemdaling_w2050_int', 'slug': 'intern:nl:klimaatatlas:nwm:bodemdaling_w2050_int'}}
	configuration:				{'name': 'Bodemdaling Huidig [cm tot 2050]', 'description': 'OpbouwBasis vormt de kaart Bodemdaling 2016-2050 voor huidig klimaat uit de CAS Klimaateffectatlas, resultaten september 2017 (www.klimaateffectatlas.nl). De kaart is ruimtelijk geïnterpoleerd voor een verbeterde visualisatie en toont de geschatte bodemdaling tot 2050 uitgaande van het huidige klimaat.VerantwoordingIn deze kaart wordt extra informatie gegenereerd door ruimtelijke interpolatie van de berekende bodemdaling (CAS Klimaateffectatlas).', 'supplier': 'chris.kerklaan', 'supplier_code': 'Bodemdaling NWM W+2050', 'aggregation_type': 2, 'options': {'styles': 'GnBu:0:1'}, 'acces_modifier': 0, 'rescalable': False, 'observation_type': 'bodemdaling', 'organisation': '61f5a464-c350-44c1-9bc7-d4b42d7f58cb', 'datasets': ['cursus_klimaatatlas'], 'slug': 'cursus:bodemdaling huidig [cm tot 2050]'}
	skip:				False
	onderwerp:				Bodemdaling Huidig [cm tot 2050]
create store succes 201
2020-02-10 11:16:53.497356 - 0:00:15.792159 - 10.0% - C:\Users\chris.kerklaan\Documents\Projecten\catalogus_cursus\extract_raster\bodemdaling_wh2050_aanvullende_daling_[cm_tot_2050].json

 Settings:
	ini:				C:\Users\chris.kerklaan\Documents\Github\nens_gs_uploader\nens_raster_uploader\data\instellingen_voorbeeld.ini
	ini_location:				C:\Users\chris.kerklaan\Documents\Github\nens_gs_uploader\nens_raster_uploader\data
	config:				<configparser.RawConfigParser object at 0x00000195BF5CBC50>
	key:				[40]
	bo_nummer:				test
	organisatie:				cursus
	product_naam:				klimaatatlas
	eigen_naam:				chris.kerklaan
	project_nummer:				u0011
	dataset:				cursus_klimaatatlas
	organisatie_uuid:				61f5a464-c350-44c1-9bc7-d4b42d7f58cb
	directory:				C:\Users\chris.kerklaan\Documents\Projecten\catalogus_cursus\extract_raster
	overwrite:				False
	update_metadata_only:				True
	update_data_only:				False
	project:				True
	clip:				True
	clip_nummers:				[40]
	store:				<nens_raster_uploader.rasterstore.rasterstore object at 0x00000195BF5BF6A0>
	in_path:				C:\Users\chris.kerklaan\Documents\Projecten\catalogus_cursus\extract_raster\bodemdaling_wh2050_aanvullende_daling_[cm_tot_2050].json
	json:				True
	json_dict:				{'rasterstore': {'id': 8499, 'url': 'https://demo.lizard.net/api/v4/rasters/cf09302b-0228-4220-b5a4-b7b5461f7fcf/', 'name': 'Bodemdaling aanvullend NWM W+2050', 'organisation': {'url': 'https://demo.lizard.net/api/v4/organisations/61f5a464-c350-44c1-9bc7-d4b42d7f58cb/', 'name': 'Nelen & Schuurmans', 'uuid': '61f5a464-c350-44c1-9bc7-d4b42d7f58cb'}, 'shared_with': [], 'observation_type': {'url': 'https://demo.lizard.net/api/v4/observationtypes/861/', 'code': 'bodemdaling', 'parameter': 'Bodemdaling', 'unit': 'mm/jaar', 'scale': 'interval', 'description': '', 'domain_values': None, 'reference_frame': '', 'compartment': ''}, 'description': 'Aanvullende bodemdaling gebaseerd op het W+2050 scenario van het Nationaal Watermodel', 'supplier': None, 'supplier_code': None, 'aggregation_type': 'curve', 'options': {'styles': 'GnBu:0:20'}, 'rescalable': True, 'temporal': False, 'interval': None, 'access_modifier': 'Public', 'first_value_timestamp': '1970-01-01T00:00:00Z', 'last_value_timestamp': '1970-01-01T00:00:00Z', 'source': {'graph': {'MaskBelow_8592cb879d1cff1e7051266c27e08dae': ['dask_geomodeling.raster.misc.MaskBelow', 'Interpolate_ef135c10d3e5f672eaa39d34829e6aa0', -3], 'Interpolate_ef135c10d3e5f672eaa39d34829e6aa0': ['raster_store.blocks.Interpolate', 'RasterStoreSource_5b5b314b8c8d82afed7d2d40e417b5cd', 'EPSG:28992', [13000.000000004, 100.0, 0.0, 620000.00000001, 0.0, -100.0]], 'RasterStoreSource_5b5b314b8c8d82afed7d2d40e417b5cd': ['raster_store.blocks.RasterStoreSource', 'file:///mnt/rastprod/stores/intern/nl/klimaatatlas/nwm/bodemdaling_aanv_w2050']}, 'name': 'MaskBelow_8592cb879d1cff1e7051266c27e08dae', 'url': 'https://demo.lizard.net/api/v4/geoblocks/0ed410f2-d287-4eba-b886-6cd5c8c4e1f3/'}, 'spatial_bounds': {'west': 3.244860925961014, 'east': 7.258141949883501, 'north': 53.55153326895402, 'south': 50.72645127766588}, 'projection': 'EPSG:28992', 'origin_x': 13000.000000004, 'origin_y': 620000.00000001, 'pixelsize_x': 100.0, 'pixelsize_y': -100.0, 'last_modified': '2019-10-24T14:38:38.577087Z', 'uuid': 'cf09302b-0228-4220-b5a4-b7b5461f7fcf', 'wms_info': {'endpoint': 'https://demo.lizard.net/wms/', 'layer': 'intern:nl:klimaatatlas:nwm:bodemdaling_aanv_w2050_int'}, 'writable': True, 'datasets': [{'slug': 'basiskaarten', 'organisation': {'url': 'https://demo.lizard.net/api/v4/organisations/61f5a464-c350-44c1-9bc7-d4b42d7f58cb/', 'name': 'Nelen & Schuurmans', 'uuid': '61f5a464-c350-44c1-9bc7-d4b42d7f58cb'}}, {'slug': 'hltsamen_klimaatatlas', 'organisation': {'url': 'https://demo.lizard.net/api/v4/organisations/61f5a464-c350-44c1-9bc7-d4b42d7f58cb/', 'name': 'Nelen & Schuurmans', 'uuid': '61f5a464-c350-44c1-9bc7-d4b42d7f58cb'}}]}, 'atlas': {'type': 'wms', 'name': 'Bodemdaling WH2050 aanvullende daling [cm tot 2050]', 'url': 'https://demo.lizard.net/wms/', 'layerName': 'intern:nl:klimaatatlas:nwm:bodemdaling_aanv_w2050_int', 'information': '<p><strong>Opbouw</strong>\nBasis vormt de kaart Bodemdaling 2016-2050 voor het WH2050 klimaatscenario uit de CAS Klimaateffectatlas, resultaten september 2017 (www.klimaateffectatlas.nl). De kaart is ruimtelijk geïnterpoleerd voor een verbeterde visualisatie en toont de geschatte aanvullende bodemdaling tot 2050 voor het WH2050 klimaatscenario.</p>\n<p><strong>Verantwoording</strong>\nIn deze kaart wordt extra informatie gegenereerd door ruimtelijke interpolatie van de berekende bodemdaling (CAS Klimaateffectatlas).</p>', 'styles': 'Purples:0:10', 'height': 256, 'width': 256, 'zindex': 10, 'srs': 'EPSG:3857', 'format': 'image/png', 'transparent': True, 'opacity': 80, 'attribution': 'Copyright, Lizard 2016', 'active': True, 'dynamicScalable': True, 'legend': {'name': 'Aanvullende bodemdaling', 'type': 'categorical', 'steps': [{'label': '0 cm tot 2050', 'style': 'point', 'color': '#FCFBFD', 'symbol': ''}, {'label': '5 cm tot 2050', 'style': 'point', 'color': '#A29FCB', 'symbol': ''}, {'label': '10 cm tot 2050', 'style': 'point', 'color': '#3F007D', 'symbol': ''}]}, 'has_getfeatureinfo': False, 'getfeatureinfo_fields': [], 'getfeatureinfo_url': '', 'layername': 'bodemdaling_aanv_w2050_int', 'slug': 'intern:nl:klimaatatlas:nwm:bodemdaling_aanv_w2050_int'}}
	configuration:				{'name': 'Bodemdaling WH2050 aanvullende daling [cm tot 2050]', 'description': 'OpbouwBasis vormt de kaart Bodemdaling 2016-2050 voor het WH2050 klimaatscenario uit de CAS Klimaateffectatlas, resultaten september 2017 (www.klimaateffectatlas.nl). De kaart is ruimtelijk geïnterpoleerd voor een verbeterde visualisatie en toont de geschatte aanvullende bodemdaling tot 2050 voor het WH2050 klimaatscenario.VerantwoordingIn deze kaart wordt extra informatie gegenereerd door ruimtelijke interpolatie van de berekende bodemdaling (CAS Klimaateffectatlas).', 'supplier': 'chris.kerklaan', 'supplier_code': 'Bodemdaling aanvullend NWM W+2050', 'aggregation_type': 2, 'options': {'styles': 'GnBu:0:20'}, 'acces_modifier': 0, 'rescalable': False, 'observation_type': 'bodemdaling', 'organisation': '61f5a464-c350-44c1-9bc7-d4b42d7f58cb', 'datasets': ['cursus_klimaatatlas'], 'slug': 'cursus:bodemdaling wh2050 aanvullende daling [cm tot 2050]'}
	skip:				False
	onderwerp:				Bodemdaling WH2050 aanvullende daling [cm tot 2050]
create store succes 201
2020-02-10 11:17:09.384282 - 0:00:15.886926 - 20.0% - C:\Users\chris.kerklaan\Documents\Projecten\catalogus_cursus\extract_raster\hittestress.json
'NoneType' object is not subscriptable
2020-02-10 11:17:09.386280 - 0:00:00.001998 - 30.0% - C:\Users\chris.kerklaan\Documents\Projecten\catalogus_cursus\extract_raster\hoogte_maaiveld.json
'NoneType' object is not subscriptable
2020-02-10 11:17:09.406352 - 0:00:00.020072 - 40.0% - C:\Users\chris.kerklaan\Documents\Projecten\catalogus_cursus\extract_raster\landgebruik.json

 Settings:
	ini:				C:\Users\chris.kerklaan\Documents\Github\nens_gs_uploader\nens_raster_uploader\data\instellingen_voorbeeld.ini
	ini_location:				C:\Users\chris.kerklaan\Documents\Github\nens_gs_uploader\nens_raster_uploader\data
	config:				<configparser.RawConfigParser object at 0x00000195BF5CBC50>
	key:				[40]
	bo_nummer:				test
	organisatie:				cursus
	product_naam:				klimaatatlas
	eigen_naam:				chris.kerklaan
	project_nummer:				u0011
	dataset:				cursus_klimaatatlas
	organisatie_uuid:				61f5a464-c350-44c1-9bc7-d4b42d7f58cb
	directory:				C:\Users\chris.kerklaan\Documents\Projecten\catalogus_cursus\extract_raster
	overwrite:				False
	update_metadata_only:				True
	update_data_only:				False
	project:				True
	clip:				True
	clip_nummers:				[40]
	store:				<nens_raster_uploader.rasterstore.rasterstore object at 0x00000195BF5BF6A0>
	in_path:				C:\Users\chris.kerklaan\Documents\Projecten\catalogus_cursus\extract_raster\landgebruik.json
	json:				True
	json_dict:				{'rasterstore': {'id': 32888, 'url': 'https://demo.lizard.net/api/v4/rasters/9c6f0130-001b-4747-9c9f-2a65b9370b32/', 'name': 'Landgebruik 2018', 'organisation': {'url': 'https://demo.lizard.net/api/v4/organisations/eabd2988-1b59-4855-9b82-4b5efa1cef28/', 'name': 'Lizard algemene lagen', 'uuid': 'eabd2988-1b59-4855-9b82-4b5efa1cef28'}, 'shared_with': [{'url': 'https://demo.lizard.net/api/v4/organisations/61f5a464-c350-44c1-9bc7-d4b42d7f58cb/', 'name': 'Nelen & Schuurmans', 'uuid': '61f5a464-c350-44c1-9bc7-d4b42d7f58cb'}], 'observation_type': {'url': 'https://demo.lizard.net/api/v4/observationtypes/502/', 'code': 'KLASSE', 'parameter': 'Klasse', 'unit': '', 'scale': 'nominal', 'description': '', 'domain_values': None, 'reference_frame': '', 'compartment': ''}, 'description': 'Landgebruik 2018', 'supplier': 'project.support', 'supplier_code': None, 'aggregation_type': 'counts', 'options': {'styles': 'lc-fun_klimaatatlas'}, 'rescalable': False, 'temporal': False, 'interval': None, 'access_modifier': 'Common', 'first_value_timestamp': '1970-01-01T00:00:00Z', 'last_value_timestamp': '1970-01-01T00:00:00Z', 'source': {'graph': {'RasterStoreSource_e82bf918a9cc98c05abceaea7f9a828e': ['raster_store.blocks.RasterStoreSource', 'file:///mnt/rastprod/stores/intern/nl/cover/fun-2018']}, 'name': 'RasterStoreSource_e82bf918a9cc98c05abceaea7f9a828e', 'url': 'https://demo.lizard.net/api/v4/geoblocks/6a62fb11-9386-4cb3-aa46-4bf44f04a43a/'}, 'spatial_bounds': {'west': 3.197334097192476, 'east': 7.275203840803029, 'north': 53.59620052933691, 'south': 50.7279494883084}, 'projection': 'EPSG:28992', 'origin_x': 10000.0, 'origin_y': 625000.0, 'pixelsize_x': 0.5, 'pixelsize_y': -0.5, 'last_modified': '2020-01-03T16:09:18.785816Z', 'uuid': '9c6f0130-001b-4747-9c9f-2a65b9370b32', 'wms_info': {'endpoint': 'https://demo.lizard.net/wms/', 'layer': 'intern:nl:cover:fun-2018'}, 'writable': True, 'datasets': [{'slug': 'fluvius_klimaatatlas', 'organisation': {'url': 'https://demo.lizard.net/api/v4/organisations/61f5a464-c350-44c1-9bc7-d4b42d7f58cb/', 'name': 'Nelen & Schuurmans', 'uuid': '61f5a464-c350-44c1-9bc7-d4b42d7f58cb'}}]}, 'atlas': {'type': 'wms', 'name': 'Landgebruik', 'url': 'https://demo.lizard.net/wms/', 'layerName': 'intern:nl:cover:fun-2018', 'information': '<p>Een actueel en gedetailleerd overzicht van het landgebruik is belangrijk bij de interpretatie en prioritering van klimaateffecten. U kunt bijvoorbeeld de focus van uw analyse van klimaateffecten leggen op hoogwaardige bebouwing of primaire toegangswegen voor hulpdiensten.</p>\n<p><strong>Verantwoording</strong>\nDe laag is samengesteld op basis van de volgende openbare databronnen:</p>\n<p>Basisregistraties Adressen en Gebouwen (BAG);\nTOP10NL (het digitale topografische basisbestand van het Kadaster);\nBasisregistratiegewaspercelen (BRP);\nNationaal Wegenbestand (NWB);\nBasisregistratie Grootschalige Topografie(BGT)</p>\n<p>Deze databronnen worden in de landgebruikskaart gecombineerd. Hierdoor is een optimaal onderscheid te maken tussen de verschillende landgebruikscategorieën. De landgebruikskaart is opgesteld in het kader van de Waterschadeschatter, een online schademodel voor het kwantificeren van schade door wateroverlast.</p>', 'styles': 'lc-fun_klimaatatlas', 'height': 256, 'width': 256, 'zindex': 20, 'srs': 'EPSG:3857', 'format': 'image/png', 'transparent': True, 'opacity': 100, 'attribution': 'Copyright, Lizard 2016', 'active': True, 'dynamicScalable': False, 'legend': {'name': 'Landgebruik 2018', 'type': 'categorical', 'steps': [{'label': 'Akkerbouwgewassen', 'style': 'point', 'color': '#db952c', 'symbol': ''}, {'label': 'Bebouwing', 'style': 'point', 'color': '#ad2323', 'symbol': ''}, {'label': 'Bedrijventerrein', 'style': 'point', 'color': '#c9c7fc', 'symbol': ''}, {'label': 'Bos/Natuur', 'style': 'point', 'color': '#6b8019', 'symbol': ''}, {'label': 'Gras/Groenvoorziening', 'style': 'point', 'color': '#94d977', 'symbol': ''}, {'label': 'Hoogwaardige teelt', 'style': 'point', 'color': '#b82cdb', 'symbol': ''}, {'label': 'Industriefunctie', 'style': 'point', 'color': '#ad8b8b', 'symbol': ''}, {'label': 'Kassen', 'style': 'point', 'color': '#667080', 'symbol': ''}, {'label': 'Lokale weg', 'style': 'point', 'color': '#d4d4d4', 'symbol': ''}, {'label': 'Overige wegdelen', 'style': 'point', 'color': '#ffffe5', 'symbol': ''}, {'label': 'Regionale weg', 'style': 'point', 'color': '#b4b4b4', 'symbol': ''}, {'label': 'Spoor', 'style': 'point', 'color': '#242424', 'symbol': ''}, {'label': 'Water', 'style': 'point', 'color': '#235aad', 'symbol': ''}, {'label': 'Winkelfunctie', 'style': 'point', 'color': '#521010', 'symbol': ''}, {'label': 'Woongebied', 'style': 'point', 'color': '#dbafaf', 'symbol': ''}]}, 'has_getfeatureinfo': False, 'getfeatureinfo_fields': [], 'getfeatureinfo_url': '', 'layername': 'fun-2018', 'slug': 'intern:nl:cover:fun-2018'}}
	configuration:				{'name': 'Landgebruik', 'description': 'Een actueel en gedetailleerd overzicht van het landgebruik is belangrijk bij de interpretatie en prioritering van klimaateffecten. U kunt bijvoorbeeld de focus van uw analyse van klimaateffecten leggen op hoogwaardige bebouwing of primaire toegangswegen voor hulpdiensten.VerantwoordingDe laag is samengesteld op basis van de volgende openbare databronnen:Basisregistraties Adressen en Gebouwen (BAG);TOP10NL (het digitale topografische basisbestand van het Kadaster);Basisregistratiegewaspercelen (BRP);Nationaal Wegenbestand (NWB);Basisregistratie Grootschalige Topografie(BGT)Deze databronnen worden in de landgebruikskaart gecombineerd. Hierdoor is een optimaal onderscheid te maken tussen de verschillende landgebruikscategorieën. De landgebruikskaart is opgesteld in het kader van de Waterschadeschatter, een online schademodel voor het kwantificeren van schade door wateroverlast.', 'supplier': 'chris.kerklaan', 'supplier_code': 'Landgebruik 2018', 'aggregation_type': 2, 'options': {'styles': 'lc-fun_klimaatatlas'}, 'acces_modifier': 0, 'rescalable': False, 'observation_type': 'KLASSE', 'organisation': '61f5a464-c350-44c1-9bc7-d4b42d7f58cb', 'datasets': ['cursus_klimaatatlas'], 'slug': 'cursus:landgebruik'}
	skip:				False
	onderwerp:				Landgebruik
create store succes 201
2020-02-10 11:17:25.142508 - 0:00:15.736156 - 50.0% - C:\Users\chris.kerklaan\Documents\Projecten\catalogus_cursus\extract_raster\maximale_overstromingsdiepte.json
'NoneType' object is not subscriptable
2020-02-10 11:17:25.147002 - 0:00:00.004494 - 60.0% - C:\Users\chris.kerklaan\Documents\Projecten\catalogus_cursus\extract_raster\pet_hittestresskaart.json

 Settings:
	ini:				C:\Users\chris.kerklaan\Documents\Github\nens_gs_uploader\nens_raster_uploader\data\instellingen_voorbeeld.ini
	ini_location:				C:\Users\chris.kerklaan\Documents\Github\nens_gs_uploader\nens_raster_uploader\data
	config:				<configparser.RawConfigParser object at 0x00000195BF5CBC50>
	key:				[40]
	bo_nummer:				test
	organisatie:				cursus
	product_naam:				klimaatatlas
	eigen_naam:				chris.kerklaan
	project_nummer:				u0011
	dataset:				cursus_klimaatatlas
	organisatie_uuid:				61f5a464-c350-44c1-9bc7-d4b42d7f58cb
	directory:				C:\Users\chris.kerklaan\Documents\Projecten\catalogus_cursus\extract_raster
	overwrite:				False
	update_metadata_only:				True
	update_data_only:				False
	project:				True
	clip:				True
	clip_nummers:				[40]
	store:				<nens_raster_uploader.rasterstore.rasterstore object at 0x00000195BF5BF6A0>
	in_path:				C:\Users\chris.kerklaan\Documents\Projecten\catalogus_cursus\extract_raster\pet_hittestresskaart.json
	json:				True
	json_dict:				{'rasterstore': {'id': 75020, 'url': 'https://demo.lizard.net/api/v4/rasters/5aad9db6-7b71-49aa-9759-7dad26802c3c/', 'name': 'PET Hittestress Westland', 'organisation': {'url': 'https://demo.lizard.net/api/v4/organisations/61f5a464-c350-44c1-9bc7-d4b42d7f58cb/', 'name': 'Nelen & Schuurmans', 'uuid': '61f5a464-c350-44c1-9bc7-d4b42d7f58cb'}, 'shared_with': [], 'observation_type': {'url': 'https://demo.lizard.net/api/v4/observationtypes/549/', 'code': 'TAVG', 'parameter': 'Temperature', 'unit': '°C', 'scale': 'interval', 'description': '', 'domain_values': None, 'reference_frame': None, 'compartment': None}, 'description': 'De kaartlaag Hittestresskaart geeft aan waar hittestress kan optreden tijdens zomerse dagen. De kaart toont de Physical Equivalent Temperature (PET/Gevoelstemperatuur) op een warme dag die 1 keer per 1000 zomerdagen voorkomt in het huidige klimaat (onder een zomerdag valt de periode van 1 april t/m 30 september). De rode gebieden zijn zeer gevoelig voor hittestress, de groene gebieden nauwelijks.\r\n\r\nBij de totstandkoming van deze kaart spelen de volgende fysische factoren een rol:\r\n\r\nSchaduw;\r\nWindsnelheid;\r\nLuchtvochtigheid;\r\nLuchttemperatuur;\r\nStraatbreedte;\r\nGebouwhoogte;\r\nBomen en andere vegetatie;\r\n\r\nDe bovenstaande factoren zijn afgeleid uit de volgende bronnen:\r\n\r\nWeerstations (KNMI);\r\nSky view factor Nederland (KNMI);\r\nAlgemeen Hoogte Bestand Nederland (AHN2 & AHN3);\r\nLandelijk beeldvoorzieningbeeld Nederland (LVB);\r\n\r\nDeze hittestresskaart is de standaard voor Nederland. De methodiek, ontwikkeld door de Universiteit Wageningen is te vinden in het volgende rapport: https://www.rivm.nl/bibliotheek/rapporten/2019-0008.pdf.', 'supplier': 'chris.kerklaan', 'supplier_code': 'pet_hittestress_westland', 'aggregation_type': 'curve', 'options': {'styles': 'pet_heatstress:34:46'}, 'rescalable': False, 'temporal': False, 'interval': None, 'access_modifier': 'Common', 'first_value_timestamp': '1970-01-01T00:00:00Z', 'last_value_timestamp': '1970-01-01T00:00:00Z', 'source': {'graph': {'MaskBelow_4e84a06856c33af6ead5b6ee31920030': ['dask_geomodeling.raster.misc.MaskBelow', 'Clip_7d1a537a5df79118363cb7c8f1caffa2', 0.1], 'Clip_7d1a537a5df79118363cb7c8f1caffa2': ['dask_geomodeling.raster.misc.Clip', 'RasterStoreSource_2e51741e97ace9ec9f6784c989bfe244', 'Reclassify_c005db204ce4c001f930a49f0ddfee06'], 'RasterStoreSource_2e51741e97ace9ec9f6784c989bfe244': ['raster_store.blocks.RasterStoreSource', 'file:///mnt/rastprod/stores/nelen-schuurmans/hittestress-nederland'], 'Reclassify_c005db204ce4c001f930a49f0ddfee06': ['dask_geomodeling.raster.misc.Reclassify', 'RasterStoreSource_982d8bd0e03dd90fbdb890f0e9c18b2d', [[40, 1], [50000, 0]], True], 'RasterStoreSource_982d8bd0e03dd90fbdb890f0e9c18b2d': ['raster_store.blocks.RasterStoreSource', 'file:///mnt/rastprod/stores/nelen-schuurmans/2019-gemeente-ids-3yz1ll9j']}, 'name': 'MaskBelow_4e84a06856c33af6ead5b6ee31920030', 'url': 'https://demo.lizard.net/api/v4/geoblocks/0b4694e6-6339-4275-8213-7c20c07fc7c1/'}, 'spatial_bounds': {'west': 3.253713154243549, 'east': 7.24316122369524, 'north': 53.54488089121351, 'south': 50.73417297429009}, 'projection': 'EPSG:28992', 'origin_x': 219999.0, 'origin_y': 443751.0, 'pixelsize_x': 1.0, 'pixelsize_y': -1.0, 'last_modified': '2019-12-16T13:51:31.591862Z', 'uuid': '5aad9db6-7b71-49aa-9759-7dad26802c3c', 'wms_info': {'endpoint': 'https://demo.lizard.net/wms/', 'layer': 'nelen-schuurmans:1836_pet_hittestress-westland'}, 'writable': True, 'datasets': [{'slug': 'hittestress', 'organisation': {'url': 'https://demo.lizard.net/api/v4/organisations/61f5a464-c350-44c1-9bc7-d4b42d7f58cb/', 'name': 'Nelen & Schuurmans', 'uuid': '61f5a464-c350-44c1-9bc7-d4b42d7f58cb'}}]}, 'atlas': {'type': 'wms', 'name': 'PET Hittestresskaart', 'url': 'https://demo.lizard.net/wms/', 'layerName': 'nelen-schuurmans:1836_pet_hittestress-westland', 'information': '<p>De kaartlaag Hittestresskaart geeft aan waar hittestress kan optreden tijdens zomerse dagen. De kaart toon de Physical Equivalent Temperature (PET/Gevoelstemperatuur) op een warme dag die 1 keer per 1000 zomerdagen  voorkomt in het huidige klimaat (onder een zomerdag valt de periode van 1 april t/m 30 september). De rode gebieden zijn zeer gevoelig voor hittestress, de groene gebieden nauwelijks.</p>\n<p><strong>Opbouw</strong></p>\n<p>Bij de totstandkoming van deze kaart spelen de volgende fysische factoren een rol:</p>\n<ul>\n<li>Schaduw;</li>\n<li>Windsnelheid;</li>\n<li>Luchtvochtigheid;</li>\n<li>Luchttemperatuur;</li>\n<li>Straatbreedte;</li>\n<li>Gebouwhoogte;</li>\n<li>Bomen en andere vegetatie;</li>\n</ul>\n<p>De  bovenstaande factoren zijn afgeleid uit de volgende bronnen:</p>\n<ul>\n<li>Weerstations (KNMI);</li>\n<li>Sky view factor Nederland (KNMI);</li>\n<li>Algemeen Hoogte Bestand Nederland (AHN2 &amp; AHN3);</li>\n<li>Landelijk beeldvoorzieningbeeld Nederland (LVB);</li>\n</ul>\n<p><strong>Verantwoording</strong></p>\n<p>Deze hittestresskaart is de standaard voor Nederland. De methodiek, ontwikkeld door de Universiteit Wageningen is te vinden in het volgende rapport: \n<a href="https://www.rivm.nl/bibliotheek/rapporten/2019-0008.pdf" title="https://www.rivm.nl/bibliotheek/rapporten/2019-0008.pdf">https://www.rivm.nl/bibliotheek/rapporten/2019-0008.pdf</a>.</p>', 'styles': 'pet_heatstress:32:50', 'height': 256, 'width': 256, 'zindex': 1, 'srs': 'EPSG:3857', 'format': 'image/png', 'transparent': True, 'opacity': 100, 'attribution': 'Copyright, Lizard 2016', 'active': True, 'dynamicScalable': True, 'legend': {'name': 'PET Hittestresskaart westland', 'type': 'categorical', 'steps': [{'label': '50 graden Celsius', 'style': 'point', 'color': '#D71A1C', 'symbol': ''}, {'label': '45 graden Celsius', 'style': 'point', 'color': '#FEAE60', 'symbol': ''}, {'label': '41 graden Celsius', 'style': 'point', 'color': '#FFFCBC', 'symbol': ''}, {'label': '36 graden Celsius', 'style': 'point', 'color': '#A6D96A', 'symbol': ''}, {'label': '32 graden Celsius', 'style': 'point', 'color': '#209842', 'symbol': ''}]}, 'has_getfeatureinfo': False, 'getfeatureinfo_fields': [], 'getfeatureinfo_url': '', 'layername': '1836_pet_hittestress-westland', 'slug': 'nelen-schuurmans:1836_pet_hittestress-westland'}}
	configuration:				{'name': 'PET Hittestresskaart', 'description': 'De kaartlaag Hittestresskaart geeft aan waar hittestress kan optreden tijdens zomerse dagen. De kaart toon de Physical Equivalent Temperature (PET/Gevoelstemperatuur) op een warme dag die 1 keer per 1000 zomerdagen  voorkomt in het huidige klimaat (onder een zomerdag valt de periode van 1 april t/m 30 september). De rode gebieden zijn zeer gevoelig voor hittestress, de groene gebieden nauwelijks.OpbouwBij de totstandkoming van deze kaart spelen de volgende fysische factoren een rol:Schaduw;Windsnelheid;Luchtvochtigheid;Luchttemperatuur;Straatbreedte;Gebouwhoogte;Bomen en andere vegetatie;De  bovenstaande factoren zijn afgeleid uit de volgende bronnen:Weerstations (KNMI);Sky view factor Nederland (KNMI);Algemeen Hoogte Bestand Nederland (AHN2 &amp; AHN3);Landelijk beeldvoorzieningbeeld Nederland (LVB);VerantwoordingDeze hittestresskaart is de standaard voor Nederland. De methodiek, ontwikkeld door de Universiteit Wageningen is te vinden in het volgende rapport: <a href="https://www.rivm.nl/bibliotheek/rapporten/2019-0008.pdf" title="https://www.rivm.nl/bibliotheek/rapporten/2019-0008.pdf">https://www.rivm.nl/bibliotheek/rapporten/2019-0008.pdf.', 'supplier': 'chris.kerklaan', 'supplier_code': 'PET Hittestress Westland', 'aggregation_type': 2, 'options': {'styles': 'pet_heatstress:34:46'}, 'acces_modifier': 0, 'rescalable': False, 'observation_type': 'TAVG', 'organisation': '61f5a464-c350-44c1-9bc7-d4b42d7f58cb', 'datasets': ['cursus_klimaatatlas'], 'slug': 'cursus:pet hittestresskaart'}
	skip:				False
	onderwerp:				PET Hittestresskaart
create store succes 201
2020-02-10 11:17:40.758590 - 0:00:15.611588 - 70.0% - C:\Users\chris.kerklaan\Documents\Projecten\catalogus_cursus\extract_raster\stroombanen.json

 Settings:
	ini:				C:\Users\chris.kerklaan\Documents\Github\nens_gs_uploader\nens_raster_uploader\data\instellingen_voorbeeld.ini
	ini_location:				C:\Users\chris.kerklaan\Documents\Github\nens_gs_uploader\nens_raster_uploader\data
	config:				<configparser.RawConfigParser object at 0x00000195BF5CBC50>
	key:				[40]
	bo_nummer:				test
	organisatie:				cursus
	product_naam:				klimaatatlas
	eigen_naam:				chris.kerklaan
	project_nummer:				u0011
	dataset:				cursus_klimaatatlas
	organisatie_uuid:				61f5a464-c350-44c1-9bc7-d4b42d7f58cb
	directory:				C:\Users\chris.kerklaan\Documents\Projecten\catalogus_cursus\extract_raster
	overwrite:				False
	update_metadata_only:				True
	update_data_only:				False
	project:				True
	clip:				True
	clip_nummers:				[40]
	store:				<nens_raster_uploader.rasterstore.rasterstore object at 0x00000195BF5BF6A0>
	in_path:				C:\Users\chris.kerklaan\Documents\Projecten\catalogus_cursus\extract_raster\stroombanen.json
	json:				True
	json_dict:				{'rasterstore': {'id': 4343, 'url': 'https://demo.lizard.net/api/v4/rasters/5d3fc11c-5819-419a-85be-a53fa945c926/', 'name': 'stream5', 'organisation': {'url': 'https://demo.lizard.net/api/v4/organisations/61f5a464-c350-44c1-9bc7-d4b42d7f58cb/', 'name': 'Nelen & Schuurmans', 'uuid': '61f5a464-c350-44c1-9bc7-d4b42d7f58cb'}, 'shared_with': [], 'observation_type': {'url': 'https://demo.lizard.net/api/v4/observationtypes/958/', 'code': 'stream', 'parameter': 'Stroombaan', 'unit': '-', 'scale': 'interval', 'description': 'Stroombanen - oplopende waarde naarmate er meer stroombanen bij elkaar voegen', 'domain_values': None, 'reference_frame': None, 'compartment': None}, 'description': 'stream5', 'supplier': None, 'supplier_code': None, 'aggregation_type': 'none', 'options': {'styles': 'stream:4:5'}, 'rescalable': False, 'temporal': False, 'interval': None, 'access_modifier': 'Private', 'first_value_timestamp': '1970-01-01T00:00:00Z', 'last_value_timestamp': '1970-01-01T00:00:00Z', 'source': {'graph': {'Dilate_6cd0ac688dd276e11e61a629c5c2b932': ['dask_geomodeling.raster.spatial.Dilate', 'RasterStoreSource_4575e535ab8ff2d5c826b7860a7c6e56', [5]], 'RasterStoreSource_4575e535ab8ff2d5c826b7860a7c6e56': ['raster_store.blocks.RasterStoreSource', 'file:///mnt/rastprod/stores/intern/nl/stream']}, 'name': 'Dilate_6cd0ac688dd276e11e61a629c5c2b932', 'url': 'https://demo.lizard.net/api/v4/geoblocks/c2f0bc48-6623-45de-8b6e-3ad694987fc7/'}, 'spatial_bounds': {'west': 3.244860925960958, 'east': 7.268195490545645, 'north': 53.55137695073932, 'south': 50.72121045402752}, 'projection': 'EPSG:28992', 'origin_x': 0.0, 'origin_y': 0.0, 'pixelsize_x': 0.166666666666667, 'pixelsize_y': -0.166666666666667, 'last_modified': '2019-03-12T14:07:30.506122Z', 'uuid': '5d3fc11c-5819-419a-85be-a53fa945c926', 'wms_info': {'endpoint': 'https://demo.lizard.net/wms/', 'layer': 'intern:nl:stream5'}, 'writable': True, 'datasets': [{'slug': 'basiskaarten', 'organisation': {'url': 'https://demo.lizard.net/api/v4/organisations/61f5a464-c350-44c1-9bc7-d4b42d7f58cb/', 'name': 'Nelen & Schuurmans', 'uuid': '61f5a464-c350-44c1-9bc7-d4b42d7f58cb'}}]}, 'atlas': {'type': 'wms', 'name': 'Stroombanen', 'url': 'https://demo.lizard.net/wms/', 'layerName': 'intern:nl:stream5', 'information': '<p>De stroombanenkaart laat zien hoe de neerslag in het stedelijk gebied tot afstroming komt. Dit helpt bij het analyseren van de oorzaak van wateroverlast en het bedenken van maatregelen ter voorkoming van deze wateroverlast. Stroombanen beginnen klein, groeien uit tot grotere stroombanen en stoppen op het moment dat de laagste plek in het maaiveld bereikt is of op het moment dat de stroombaan bij een waterloop uitkomt.</p>', 'styles': 'stream:2:5', 'height': 256, 'width': 256, 'zindex': 50, 'srs': 'EPSG:3857', 'format': 'image/png', 'transparent': True, 'opacity': 100, 'attribution': 'Copyright, Lizard 2016', 'active': True, 'dynamicScalable': False, 'legend': {'name': 'Stroombanen', 'type': 'categorical', 'steps': [{'label': 'Beperkte afstroming', 'style': 'point', 'color': '#9BC9E1', 'symbol': ''}, {'label': 'Sterke afstroming', 'style': 'point', 'color': '#519DCE', 'symbol': ''}]}, 'has_getfeatureinfo': False, 'getfeatureinfo_fields': [], 'getfeatureinfo_url': '', 'layername': 'stream5', 'slug': 'intern:nl:stream5'}}
	configuration:				{'name': 'Stroombanen', 'description': 'De stroombanenkaart laat zien hoe de neerslag in het stedelijk gebied tot afstroming komt. Dit helpt bij het analyseren van de oorzaak van wateroverlast en het bedenken van maatregelen ter voorkoming van deze wateroverlast. Stroombanen beginnen klein, groeien uit tot grotere stroombanen en stoppen op het moment dat de laagste plek in het maaiveld bereikt is of op het moment dat de stroombaan bij een waterloop uitkomt.', 'supplier': 'chris.kerklaan', 'supplier_code': 'stream5', 'aggregation_type': 2, 'options': {'styles': 'stream:4:5'}, 'acces_modifier': 0, 'rescalable': False, 'observation_type': 'stream', 'organisation': '61f5a464-c350-44c1-9bc7-d4b42d7f58cb', 'datasets': ['cursus_klimaatatlas'], 'slug': 'cursus:stroombanen'}
	skip:				False
	onderwerp:				Stroombanen
create store succes 201
2020-02-10 11:17:56.600022 - 0:00:15.841432 - 80.0% - C:\Users\chris.kerklaan\Documents\Projecten\catalogus_cursus\extract_raster\waterdiepte_bij_extreme_neerslag_landelijk.json

 Settings:
	ini:				C:\Users\chris.kerklaan\Documents\Github\nens_gs_uploader\nens_raster_uploader\data\instellingen_voorbeeld.ini
	ini_location:				C:\Users\chris.kerklaan\Documents\Github\nens_gs_uploader\nens_raster_uploader\data
	config:				<configparser.RawConfigParser object at 0x00000195BF5CBC50>
	key:				[40]
	bo_nummer:				test
	organisatie:				cursus
	product_naam:				klimaatatlas
	eigen_naam:				chris.kerklaan
	project_nummer:				u0011
	dataset:				cursus_klimaatatlas
	organisatie_uuid:				61f5a464-c350-44c1-9bc7-d4b42d7f58cb
	directory:				C:\Users\chris.kerklaan\Documents\Projecten\catalogus_cursus\extract_raster
	overwrite:				False
	update_metadata_only:				True
	update_data_only:				False
	project:				True
	clip:				True
	clip_nummers:				[40]
	store:				<nens_raster_uploader.rasterstore.rasterstore object at 0x00000195BF5BF6A0>
	in_path:				C:\Users\chris.kerklaan\Documents\Projecten\catalogus_cursus\extract_raster\waterdiepte_bij_extreme_neerslag_landelijk.json
	json:				True
	json_dict:				{'rasterstore': {'id': 45513, 'url': 'https://demo.lizard.net/api/v4/rasters/197c72b9-3f64-440c-9025-3883fef94316/', 'name': 'PZH waterdiepte landelijk 100mm2u', 'organisation': {'url': 'https://demo.lizard.net/api/v4/organisations/450addd2-f737-4218-916b-ee6383301d16/', 'name': 'Provincie Zuid-Holland', 'uuid': '450addd2-f737-4218-916b-ee6383301d16'}, 'shared_with': [{'url': 'https://demo.lizard.net/api/v4/organisations/3e5694d0-391b-4a17-bc1b-6fcb96183657/', 'name': 'De Stichtse Rijnlanden', 'uuid': '3e5694d0-391b-4a17-bc1b-6fcb96183657'}, {'url': 'https://demo.lizard.net/api/v4/organisations/2cdbf687-dc6f-4898-9ce3-316c828a2121/', 'name': 'Hoogheemraadschap van Delfland', 'uuid': '2cdbf687-dc6f-4898-9ce3-316c828a2121'}, {'url': 'https://demo.lizard.net/api/v4/organisations/d7bd9cf0-28ce-4901-866f-5d2e63402804/', 'name': 'Hoogheemraadschap van Rijnland', 'uuid': 'd7bd9cf0-28ce-4901-866f-5d2e63402804'}, {'url': 'https://demo.lizard.net/api/v4/organisations/61f5a464-c350-44c1-9bc7-d4b42d7f58cb/', 'name': 'Nelen & Schuurmans', 'uuid': '61f5a464-c350-44c1-9bc7-d4b42d7f58cb'}, {'url': 'https://demo.lizard.net/api/v4/organisations/f855892a-d17f-475a-b983-f86271e1f158/', 'name': 'Rivierenland', 'uuid': 'f855892a-d17f-475a-b983-f86271e1f158'}], 'observation_type': {'url': 'https://demo.lizard.net/api/v4/observationtypes/521/', 'code': 'Waterdepth', 'parameter': 'Waterdepth', 'unit': 'm', 'scale': 'interval', 'description': '', 'domain_values': None, 'reference_frame': None, 'compartment': None}, 'description': 'Het raster maakt inzichtelijk waar waarschijnlijk wateroverlast zal ontstaan na een extreme bui van 100 millimeter in 2 uur.\nDe stresstest van het landelijke gebied is uitgevoerd met 2D terreinmodellen (3Di) die zijn opgebouwd vanuit de gefilterde en geïnterpoleerde Algemene Hoogtekaart Nederland (AHN2 en AHN3), informatie over landgebruik (voor frictie) en over de bodem (voor infiltratie). De resolutie van de resultaten is 0,25 m2.\nIn de 2D terreinmodellen is de stroming over het maaiveld en de waterverdeling via de watergangen op hoog detailniveau meegenomen. De precieze werking van riolering en kunstwerken in het watersysteem (duikers, stuwen en gemalen) zijn niet of versimpeld meegenomen in het model.', 'supplier': 'project.support', 'supplier_code': 'pzh_waterdiepte_landelijk_100mm2u', 'aggregation_type': 'curve', 'options': {'styles': 'Blues:0:0.3'}, 'rescalable': False, 'temporal': False, 'interval': None, 'access_modifier': 'Public', 'first_value_timestamp': '1970-01-01T00:00:00Z', 'last_value_timestamp': '1970-01-01T00:00:00Z', 'source': {'graph': {'RasterStoreSource_cc401bf46a85f8d49ee8ab33602e9802': ['raster_store.blocks.RasterStoreSource', 'file:///mnt/rastprod/stores/provincie-zuid-holland/pzh-waterdiepte-landelijk-100mm2u']}, 'name': 'RasterStoreSource_cc401bf46a85f8d49ee8ab33602e9802', 'url': 'https://demo.lizard.net/api/v4/geoblocks/3b92a766-3c5b-4ab2-994b-f592d671a740/'}, 'spatial_bounds': {'west': 3.844041505560042, 'east': 5.179772106592953, 'north': 52.32302102589897, 'south': 51.65189563868476}, 'projection': 'EPSG:28992', 'origin_x': 49774.5, 'origin_y': 480056.0, 'pixelsize_x': 0.5, 'pixelsize_y': -0.5, 'last_modified': '2019-11-04T11:08:42.686133Z', 'uuid': '197c72b9-3f64-440c-9025-3883fef94316', 'wms_info': {'endpoint': 'https://demo.lizard.net/wms/', 'layer': 'provincie-zuid-holland:pzh-waterdiepte-landelijk-100mm2u'}, 'writable': False, 'datasets': [{'slug': 'zuidholland', 'organisation': {'url': 'https://demo.lizard.net/api/v4/organisations/61f5a464-c350-44c1-9bc7-d4b42d7f58cb/', 'name': 'Nelen & Schuurmans', 'uuid': '61f5a464-c350-44c1-9bc7-d4b42d7f58cb'}}]}, 'atlas': {'type': 'wms', 'name': 'Waterdiepte bij extreme neerslag landelijk', 'url': 'https://demo.lizard.net/api/v2/wms', 'layerName': 'provincie-zuid-holland:pzh-waterdiepte-landelijk-100mm2u', 'information': '<p>Deze kaart laat het resultaat zien van een stresstest voor het landelijk gebied van Zuid-Holland. De kaart maakt inzichtelijk waar waarschijnlijk wateroverlast zal ontstaan na een extreme bui van 100 millimeter in 2 uur. </p>\n<p>De stresstest van het landelijke gebied is uitgevoerd met 2D terreinmodellen (3Di) die zijn opgebouwd vanuit de gefilterde en geïnterpoleerde Algemene Hoogtekaart Nederland (AHN2 en AHN3), informatie over landgebruik (voor frictie) en over de bodem (voor infiltratie). De resolutie van de resultaten is 0,25 m2. Voor het stedelijk gebied zijn voor verschillende gemeentes integrale modellen gebruikt waarin tevens de riolering is opgenomen (zet hiervoor de laag modelinformatie aan en klik op de kaart voor extra informatie). </p>\n<p>In de 2D terreinmodellen is de stroming over het maaiveld en de waterverdeling via de watergangen op hoog detailniveau meegenomen. De precieze werking van riolering en kunstwerken in het watersysteem (duikers, stuwen en gemalen) zijn niet of versimpeld meegenomen in het model (<a href="https://ruimtelijkeadaptatie.nl/stresstest/bijsluiter/wateroverlast/">Stresstest Ruimtelijke Adaptatie</a>). Het is daarom mogelijk dat de gepresenteerde wateroverlast niet altijd in de praktijk (in die mate) herkend wordt. Aan de absolute waarden kunnen dus geen rechten worden ontleend. De resultaten geven echter een eerste indicatie van de te verwachten overlastlocaties bij hevige neerslag. Op basis van uitgevoerde modelcontroles is tevens aangegeven waar sprake is van een mogelijke over- of onderschatting van de wateroverlast (zet hiervoor de laag modelcontrole aan). </p>\n<p>Voor panden (bron: BAG) is in het terreinmodel een vloerpeil van 15 cm boven maaiveld aangenomen. Het onderlopen van panden via drempels is niet meegenomen, omdat detailinformatie van drempelhoogte nog ontbreekt.</p>', 'styles': 'Blues:0:0.25', 'height': 256, 'width': 256, 'zindex': 15, 'srs': 'EPSG:3857', 'format': 'image/png', 'transparent': True, 'opacity': 80, 'attribution': 'Copyright, Lizard 2018', 'active': True, 'dynamicScalable': False, 'legend': {'name': 'Waterdiepte', 'type': 'categorical', 'steps': [{'label': 'Tot 10 cm', 'style': 'point', 'color': '#BAC5D3', 'symbol': ''}, {'label': 'Tot 20 cm', 'style': 'point', 'color': '#6096BB', 'symbol': ''}, {'label': '20 cm en meer', 'style': 'point', 'color': '#08306b', 'symbol': ''}]}, 'has_getfeatureinfo': False, 'getfeatureinfo_fields': [], 'getfeatureinfo_url': '', 'layername': 'pzh-waterdiepte-landelijk-100mm2u', 'slug': 'provincie-zuid-holland:pzh-waterdiepte-landelijk-100mm2u'}}
	configuration:				{'name': 'Waterdiepte bij extreme neerslag landelijk', 'description': 'Deze kaart laat het resultaat zien van een stresstest voor het landelijk gebied van Zuid-Holland. De kaart maakt inzichtelijk waar waarschijnlijk wateroverlast zal ontstaan na een extreme bui van 100 millimeter in 2 uur. De stresstest van het landelijke gebied is uitgevoerd met 2D terreinmodellen (3Di) die zijn opgebouwd vanuit de gefilterde en geïnterpoleerde Algemene Hoogtekaart Nederland (AHN2 en AHN3), informatie over landgebruik (voor frictie) en over de bodem (voor infiltratie). De resolutie van de resultaten is 0,25 m2. Voor het stedelijk gebied zijn voor verschillende gemeentes integrale modellen gebruikt waarin tevens de riolering is opgenomen (zet hiervoor de laag modelinformatie aan en klik op de kaart voor extra informatie). In de 2D terreinmodellen is de stroming over het maaiveld en de waterverdeling via de watergangen op hoog detailniveau meegenomen. De precieze werking van riolering en kunstwerken in het watersysteem (duikers, stuwen en gemalen) zijn niet of versimpeld meegenomen in het model (<a href="https://ruimtelijkeadaptatie.nl/stresstest/bijsluiter/wateroverlast/">Stresstest Ruimtelijke Adaptatie). Het is daarom mogelijk dat de gepresenteerde wateroverlast niet altijd in de praktijk (in die mate) herkend wordt. Aan de absolute waarden kunnen dus geen rechten worden ontleend. De resultaten geven echter een eerste indicatie van de te verwachten overlastlocaties bij hevige neerslag. Op basis van uitgevoerde modelcontroles is tevens aangegeven waar sprake is van een mogelijke over- of onderschatting van de wateroverlast (zet hiervoor de laag modelcontrole aan). Voor panden (bron: BAG) is in het terreinmodel een vloerpeil van 15 cm boven maaiveld aangenomen. Het onderlopen van panden via drempels is niet meegenomen, omdat detailinformatie van drempelhoogte nog ontbreekt.', 'supplier': 'chris.kerklaan', 'supplier_code': 'PZH waterdiepte landelijk 100mm2u', 'aggregation_type': 2, 'options': {'styles': 'Blues:0:0.3'}, 'acces_modifier': 0, 'rescalable': False, 'observation_type': 'Waterdepth', 'organisation': '61f5a464-c350-44c1-9bc7-d4b42d7f58cb', 'datasets': ['cursus_klimaatatlas'], 'slug': 'cursus:waterdiepte bij extreme neerslag landelijk'}
	skip:				False
	onderwerp:				Waterdiepte bij extreme neerslag landelijk
create store succes 201
2020-02-10 11:18:12.506067 - 0:00:15.906045 - 90.0% - C:\Users\chris.kerklaan\Documents\Projecten\catalogus_cursus\extract_raster\waterdiepte_bij_extreme_neerslag_stedelijk.json

 Settings:
	ini:				C:\Users\chris.kerklaan\Documents\Github\nens_gs_uploader\nens_raster_uploader\data\instellingen_voorbeeld.ini
	ini_location:				C:\Users\chris.kerklaan\Documents\Github\nens_gs_uploader\nens_raster_uploader\data
	config:				<configparser.RawConfigParser object at 0x00000195BF5CBC50>
	key:				[40]
	bo_nummer:				test
	organisatie:				cursus
	product_naam:				klimaatatlas
	eigen_naam:				chris.kerklaan
	project_nummer:				u0011
	dataset:				cursus_klimaatatlas
	organisatie_uuid:				61f5a464-c350-44c1-9bc7-d4b42d7f58cb
	directory:				C:\Users\chris.kerklaan\Documents\Projecten\catalogus_cursus\extract_raster
	overwrite:				False
	update_metadata_only:				True
	update_data_only:				False
	project:				True
	clip:				True
	clip_nummers:				[40]
	store:				<nens_raster_uploader.rasterstore.rasterstore object at 0x00000195BF5BF6A0>
	in_path:				C:\Users\chris.kerklaan\Documents\Projecten\catalogus_cursus\extract_raster\waterdiepte_bij_extreme_neerslag_stedelijk.json
	json:				True
	json_dict:				{'rasterstore': {'id': 37042, 'url': 'https://demo.lizard.net/api/v4/rasters/f28bb892-20cb-4a31-90c8-5f6cd715ddbe/', 'name': 'extern:nl:zh:waterdepth_20180329_100mm2uur_mask', 'organisation': {'url': 'https://demo.lizard.net/api/v4/organisations/61f5a464-c350-44c1-9bc7-d4b42d7f58cb/', 'name': 'Nelen & Schuurmans', 'uuid': '61f5a464-c350-44c1-9bc7-d4b42d7f58cb'}, 'shared_with': [], 'observation_type': None, 'description': 'extern:nl:zh:waterdepth_20180329_100mm2uur_mask', 'supplier': None, 'supplier_code': None, 'aggregation_type': 'none', 'options': {}, 'rescalable': False, 'temporal': False, 'interval': None, 'access_modifier': 'Public', 'first_value_timestamp': '2018-03-28T15:47:29Z', 'last_value_timestamp': '2018-03-28T15:47:29Z', 'source': {'graph': {'MaskBelow_61c14f50aefa302744c3da8ff134932b': ['dask_geomodeling.raster.misc.MaskBelow', 'RasterStoreSource_5d8a7a55facad169e1e9de77f7660ef6', 0.025], 'RasterStoreSource_5d8a7a55facad169e1e9de77f7660ef6': ['raster_store.blocks.RasterStoreSource', 'file:///mnt/rastprod/stores/extern/nl/zh/waterdepth_20180329_100mm2uur']}, 'name': 'MaskBelow_61c14f50aefa302744c3da8ff134932b', 'url': 'https://demo.lizard.net/api/v4/geoblocks/88426fea-f173-46e8-8cb6-212f540c3bcf/'}, 'spatial_bounds': {'west': 3.887447024513955, 'east': 5.150760932028263, 'north': 52.46633312905293, 'south': 51.6726864816004}, 'projection': 'EPSG:28992', 'origin_x': 53065.5, 'origin_y': 497648.0, 'pixelsize_x': 0.5, 'pixelsize_y': -0.5, 'last_modified': '2019-11-04T11:42:03.607918Z', 'uuid': 'f28bb892-20cb-4a31-90c8-5f6cd715ddbe', 'wms_info': {'endpoint': 'https://demo.lizard.net/wms/', 'layer': 'extern:nl:zh:waterdepth_20180329_100mm2uur_mask'}, 'writable': True, 'datasets': []}, 'atlas': {'type': 'wms', 'name': 'Waterdiepte bij extreme neerslag stedelijk', 'url': 'https://demo.lizard.net/api/v2/wms/', 'layerName': 'extern:nl:zh:waterdepth_20180329_100mm2uur_mask', 'information': '<p>Deze kaart laat het resultaat zien van een stresstest voor het stedelijk gebied van Zuid-Holland. De kaart maakt inzichtelijk waar waarschijnlijk wateroverlast zal ontstaan na een extreme bui van 100 millimeter in 2 uur. </p>\n<p>De stresstest van het stedelijk gebied is uitgevoerd met 2D terreinmodellen (3Di) die zijn opgebouwd vanuit de gefilterde en geïnterpoleerde Algemene Hoogtekaart Nederland (AHN2 en AHN3), informatie over landgebruik (voor frictie) en over de bodem (voor infiltratie). </p>\n<p>De resolutie van de resultaten is 0,25 m2 . Voor het stedelijk gebied zijn voor verschillende gemeentes integrale modellen gebruikt waarin tevens de riolering is opgenomen (zet hiervoor de laag modelinformatie aan en klik op de kaart voor extra informatie).</p>\n<p>Voor panden (bron: BAG) is in het terreinmodel een vloerpeil van 15 cm boven maaiveld aangenomen. Het onderlopen van panden via drempels is niet meegenomen, omdat detailinformatie van drempelhoogte nog ontbreekt.</p>', 'styles': 'Blues:0:0.25', 'height': 256, 'width': 256, 'zindex': 15, 'srs': 'EPSG:3857', 'format': 'image/png', 'transparent': True, 'opacity': 80, 'attribution': 'Copyright, Lizard 2018', 'active': True, 'dynamicScalable': False, 'legend': {'name': 'Waterdiepte', 'type': 'categorical', 'steps': [{'label': 'Tot 10 cm', 'style': 'point', 'color': '#BAC5D3', 'symbol': ''}, {'label': 'Tot 20 cm', 'style': 'point', 'color': '#6096BB', 'symbol': ''}, {'label': '20 cm en meer', 'style': 'point', 'color': '#08306b', 'symbol': ''}]}, 'has_getfeatureinfo': False, 'getfeatureinfo_fields': [], 'getfeatureinfo_url': '', 'layername': 'waterdepth_20180329_100mm2uur_mask', 'slug': 'extern:nl:zh:waterdepth_20180329_100mm2uur_mask'}}
	configuration:				{'name': 'Waterdiepte bij extreme neerslag stedelijk', 'description': 'Deze kaart laat het resultaat zien van een stresstest voor het stedelijk gebied van Zuid-Holland. De kaart maakt inzichtelijk waar waarschijnlijk wateroverlast zal ontstaan na een extreme bui van 100 millimeter in 2 uur. De stresstest van het stedelijk gebied is uitgevoerd met 2D terreinmodellen (3Di) die zijn opgebouwd vanuit de gefilterde en geïnterpoleerde Algemene Hoogtekaart Nederland (AHN2 en AHN3), informatie over landgebruik (voor frictie) en over de bodem (voor infiltratie). De resolutie van de resultaten is 0,25 m2 . Voor het stedelijk gebied zijn voor verschillende gemeentes integrale modellen gebruikt waarin tevens de riolering is opgenomen (zet hiervoor de laag modelinformatie aan en klik op de kaart voor extra informatie).Voor panden (bron: BAG) is in het terreinmodel een vloerpeil van 15 cm boven maaiveld aangenomen. Het onderlopen van panden via drempels is niet meegenomen, omdat detailinformatie van drempelhoogte nog ontbreekt.', 'supplier': 'chris.kerklaan', 'supplier_code': 'extern:nl:zh:waterdepth_20180329_100mm2uur_mask', 'aggregation_type': 2, 'options': {}, 'acces_modifier': 0, 'rescalable': False, 'observation_type': '-', 'organisation': '61f5a464-c350-44c1-9bc7-d4b42d7f58cb', 'datasets': ['cursus_klimaatatlas'], 'slug': 'cursus:waterdiepte bij extreme neerslag stedelijk'}
	skip:				False
	onderwerp:				Waterdiepte bij extreme neerslag stedelijk
create store succes 201

 Succes:
	Bodemdaling Huidig [cm tot 2050]:				None
	Bodemdaling WH2050 aanvullende daling [cm tot 2050]:				None
	Landgebruik:				None
	PET Hittestresskaart:				None
	Stroombanen:				None
	Waterdiepte bij extreme neerslag landelijk:				None
	Waterdiepte bij extreme neerslag stedelijk:				None

 Failures:
	Bodemdaling WH2050 aanvullende daling [cm tot 2050]:				'NoneType' object is not subscriptable
	Landgebruik:				'NoneType' object is not subscriptable
